TN:
SF:components/AssetBucketingDashboard.tsx
FN:8,(anonymous_9)
FN:12,(anonymous_10)
FN:21,(anonymous_11)
FN:31,(anonymous_12)
FN:34,(anonymous_13)
FN:83,(anonymous_14)
FN:111,(anonymous_15)
FN:138,(anonymous_16)
FNF:8
FNH:0
FNDA:0,(anonymous_9)
FNDA:0,(anonymous_10)
FNDA:0,(anonymous_11)
FNDA:0,(anonymous_12)
FNDA:0,(anonymous_13)
FNDA:0,(anonymous_14)
FNDA:0,(anonymous_15)
FNDA:0,(anonymous_16)
DA:1,0
DA:8,0
DA:9,0
DA:12,0
DA:13,0
DA:14,0
DA:15,0
DA:16,0
DA:17,0
DA:21,0
DA:22,0
DA:23,0
DA:24,0
DA:25,0
DA:26,0
DA:27,0
DA:31,0
DA:32,0
DA:34,0
DA:35,0
DA:36,0
DA:38,0
DA:39,0
DA:41,0
DA:42,0
DA:44,0
DA:45,0
DA:47,0
DA:48,0
DA:50,0
DA:51,0
DA:52,0
DA:55,0
DA:56,0
DA:58,0
DA:61,0
DA:64,0
DA:66,0
DA:67,0
DA:69,0
DA:83,0
DA:112,0
DA:139,0
LF:43
LH:0
BRDA:13,0,0,0
BRDA:13,0,1,0
BRDA:15,1,0,0
BRDA:15,1,1,0
BRDA:22,2,0,0
BRDA:22,2,1,0
BRDA:23,3,0,0
BRDA:23,3,1,0
BRDA:24,4,0,0
BRDA:24,4,1,0
BRDA:25,5,0,0
BRDA:25,5,1,0
BRDA:26,6,0,0
BRDA:26,6,1,0
BRDA:36,7,0,0
BRDA:36,7,1,0
BRDA:36,7,2,0
BRDA:36,7,3,0
BRDA:36,7,4,0
BRDA:38,8,0,0
BRDA:38,8,1,0
BRDA:41,9,0,0
BRDA:41,9,1,0
BRDA:44,10,0,0
BRDA:44,10,1,0
BRDA:47,11,0,0
BRDA:47,11,1,0
BRDA:55,12,0,0
BRDA:55,12,1,0
BRDA:101,13,0,0
BRDA:101,13,1,0
BRDA:146,14,0,0
BRDA:146,14,1,0
BRDA:148,15,0,0
BRDA:148,15,1,0
BRDA:159,16,0,0
BRDA:159,16,1,0
BRDA:160,17,0,0
BRDA:160,17,1,0
BRF:39
BRH:0
end_of_record
TN:
SF:components/AssetDashboard.tsx
FN:12,(anonymous_9)
FN:27,(anonymous_10)
FN:33,(anonymous_11)
FN:39,(anonymous_12)
FN:45,(anonymous_13)
FN:51,(anonymous_14)
FN:52,(anonymous_15)
FN:56,(anonymous_16)
FN:57,(anonymous_17)
FN:58,(anonymous_18)
FN:59,(anonymous_19)
FN:60,(anonymous_20)
FN:62,(anonymous_21)
FN:63,(anonymous_22)
FN:68,(anonymous_23)
FN:71,(anonymous_24)
FN:78,(anonymous_25)
FN:79,(anonymous_26)
FN:80,(anonymous_27)
FN:85,(anonymous_28)
FN:86,(anonymous_29)
FN:90,(anonymous_30)
FN:101,(anonymous_31)
FN:116,(anonymous_32)
FN:120,(anonymous_33)
FN:125,(anonymous_34)
FN:126,(anonymous_35)
FN:130,(anonymous_36)
FN:138,(anonymous_37)
FN:142,(anonymous_38)
FN:142,(anonymous_39)
FN:218,(anonymous_40)
FN:227,(anonymous_41)
FN:231,(anonymous_42)
FN:305,(anonymous_43)
FNF:35
FNH:0
FNDA:0,(anonymous_9)
FNDA:0,(anonymous_10)
FNDA:0,(anonymous_11)
FNDA:0,(anonymous_12)
FNDA:0,(anonymous_13)
FNDA:0,(anonymous_14)
FNDA:0,(anonymous_15)
FNDA:0,(anonymous_16)
FNDA:0,(anonymous_17)
FNDA:0,(anonymous_18)
FNDA:0,(anonymous_19)
FNDA:0,(anonymous_20)
FNDA:0,(anonymous_21)
FNDA:0,(anonymous_22)
FNDA:0,(anonymous_23)
FNDA:0,(anonymous_24)
FNDA:0,(anonymous_25)
FNDA:0,(anonymous_26)
FNDA:0,(anonymous_27)
FNDA:0,(anonymous_28)
FNDA:0,(anonymous_29)
FNDA:0,(anonymous_30)
FNDA:0,(anonymous_31)
FNDA:0,(anonymous_32)
FNDA:0,(anonymous_33)
FNDA:0,(anonymous_34)
FNDA:0,(anonymous_35)
FNDA:0,(anonymous_36)
FNDA:0,(anonymous_37)
FNDA:0,(anonymous_38)
FNDA:0,(anonymous_39)
FNDA:0,(anonymous_40)
FNDA:0,(anonymous_41)
FNDA:0,(anonymous_42)
FNDA:0,(anonymous_43)
DA:1,0
DA:4,0
DA:5,0
DA:6,0
DA:12,0
DA:13,0
DA:27,0
DA:28,0
DA:33,0
DA:34,0
DA:39,0
DA:40,0
DA:45,0
DA:46,0
DA:51,0
DA:52,0
DA:53,0
DA:55,0
DA:56,0
DA:57,0
DA:58,0
DA:59,0
DA:60,0
DA:62,0
DA:63,0
DA:66,0
DA:67,0
DA:68,0
DA:69,0
DA:71,0
DA:74,0
DA:78,0
DA:79,0
DA:80,0
DA:83,0
DA:85,0
DA:87,0
DA:88,0
DA:90,0
DA:93,0
DA:101,0
DA:102,0
DA:103,0
DA:105,0
DA:106,0
DA:107,0
DA:108,0
DA:109,0
DA:110,0
DA:111,0
DA:116,0
DA:119,0
DA:121,0
DA:122,0
DA:125,0
DA:126,0
DA:130,0
DA:131,0
DA:132,0
DA:133,0
DA:137,0
DA:139,0
DA:140,0
DA:142,0
DA:144,0
DA:163,0
DA:165,0
DA:219,0
DA:228,0
DA:231,0
DA:305,0
LF:71
LH:0
BRDA:12,0,0,0
BRDA:18,1,0,0
BRDA:18,1,1,0
BRDA:60,2,0,0
BRDA:60,2,1,0
BRDA:62,3,0,0
BRDA:62,3,1,0
BRDA:63,4,0,0
BRDA:63,4,1,0
BRDA:69,5,0,0
BRDA:69,5,1,0
BRDA:87,6,0,0
BRDA:87,6,1,0
BRDA:102,7,0,0
BRDA:102,7,1,0
BRDA:105,8,0,0
BRDA:105,8,1,0
BRDA:107,9,0,0
BRDA:107,9,1,0
BRDA:108,10,0,0
BRDA:108,10,1,0
BRDA:109,11,0,0
BRDA:109,11,1,0
BRDA:110,12,0,0
BRDA:110,12,1,0
BRDA:121,13,0,0
BRDA:121,13,1,0
BRDA:121,14,0,0
BRDA:121,14,1,0
BRDA:131,15,0,0
BRDA:131,15,1,0
BRDA:133,16,0,0
BRDA:133,16,1,0
BRDA:139,17,0,0
BRDA:139,17,1,0
BRF:35
BRH:0
end_of_record
TN:
SF:components/AssetFormModal.tsx
FN:16,(anonymous_9)
FN:89,(anonymous_10)
FN:157,(anonymous_11)
FN:177,(anonymous_12)
FN:181,(anonymous_13)
FN:188,(anonymous_14)
FN:192,(anonymous_15)
FN:193,(anonymous_16)
FN:201,(anonymous_17)
FN:205,(anonymous_18)
FN:212,(anonymous_19)
FN:220,(anonymous_20)
FN:221,(anonymous_21)
FN:234,(anonymous_22)
FN:238,(anonymous_23)
FN:250,(anonymous_24)
FN:254,(anonymous_25)
FN:261,(anonymous_26)
FN:265,(anonymous_27)
FN:277,(anonymous_28)
FN:284,(anonymous_29)
FN:291,(anonymous_30)
FN:295,(anonymous_31)
FN:302,(anonymous_32)
FN:306,(anonymous_33)
FN:313,(anonymous_34)
FN:317,(anonymous_35)
FN:328,(anonymous_36)
FN:339,(anonymous_37)
FN:343,(anonymous_38)
FN:350,(anonymous_39)
FN:354,(anonymous_40)
FN:361,(anonymous_41)
FN:365,(anonymous_42)
FN:377,(anonymous_43)
FN:381,(anonymous_44)
FN:388,(anonymous_45)
FN:392,(anonymous_46)
FN:398,(anonymous_47)
FN:409,(anonymous_48)
FN:413,(anonymous_49)
FN:420,(anonymous_50)
FN:427,(anonymous_51)
FN:434,(anonymous_52)
FN:438,(anonymous_53)
FN:450,(anonymous_54)
FN:454,(anonymous_55)
FN:460,(anonymous_56)
FN:471,(anonymous_57)
FN:475,(anonymous_58)
FN:481,(anonymous_59)
FN:491,(anonymous_60)
FN:496,(anonymous_61)
FN:498,(anonymous_62)
FNF:54
FNH:0
FNDA:0,(anonymous_9)
FNDA:0,(anonymous_10)
FNDA:0,(anonymous_11)
FNDA:0,(anonymous_12)
FNDA:0,(anonymous_13)
FNDA:0,(anonymous_14)
FNDA:0,(anonymous_15)
FNDA:0,(anonymous_16)
FNDA:0,(anonymous_17)
FNDA:0,(anonymous_18)
FNDA:0,(anonymous_19)
FNDA:0,(anonymous_20)
FNDA:0,(anonymous_21)
FNDA:0,(anonymous_22)
FNDA:0,(anonymous_23)
FNDA:0,(anonymous_24)
FNDA:0,(anonymous_25)
FNDA:0,(anonymous_26)
FNDA:0,(anonymous_27)
FNDA:0,(anonymous_28)
FNDA:0,(anonymous_29)
FNDA:0,(anonymous_30)
FNDA:0,(anonymous_31)
FNDA:0,(anonymous_32)
FNDA:0,(anonymous_33)
FNDA:0,(anonymous_34)
FNDA:0,(anonymous_35)
FNDA:0,(anonymous_36)
FNDA:0,(anonymous_37)
FNDA:0,(anonymous_38)
FNDA:0,(anonymous_39)
FNDA:0,(anonymous_40)
FNDA:0,(anonymous_41)
FNDA:0,(anonymous_42)
FNDA:0,(anonymous_43)
FNDA:0,(anonymous_44)
FNDA:0,(anonymous_45)
FNDA:0,(anonymous_46)
FNDA:0,(anonymous_47)
FNDA:0,(anonymous_48)
FNDA:0,(anonymous_49)
FNDA:0,(anonymous_50)
FNDA:0,(anonymous_51)
FNDA:0,(anonymous_52)
FNDA:0,(anonymous_53)
FNDA:0,(anonymous_54)
FNDA:0,(anonymous_55)
FNDA:0,(anonymous_56)
FNDA:0,(anonymous_57)
FNDA:0,(anonymous_58)
FNDA:0,(anonymous_59)
FNDA:0,(anonymous_60)
FNDA:0,(anonymous_61)
FNDA:0,(anonymous_62)
DA:2,0
DA:4,0
DA:13,0
DA:14,0
DA:16,0
DA:18,0
DA:19,0
DA:20,0
DA:21,0
DA:22,0
DA:23,0
DA:24,0
DA:27,0
DA:28,0
DA:31,0
DA:32,0
DA:33,0
DA:34,0
DA:37,0
DA:38,0
DA:39,0
DA:40,0
DA:41,0
DA:42,0
DA:43,0
DA:44,0
DA:47,0
DA:48,0
DA:51,0
DA:52,0
DA:53,0
DA:54,0
DA:55,0
DA:56,0
DA:59,0
DA:60,0
DA:61,0
DA:62,0
DA:63,0
DA:66,0
DA:67,0
DA:68,0
DA:69,0
DA:70,0
DA:71,0
DA:74,0
DA:75,0
DA:76,0
DA:79,0
DA:80,0
DA:81,0
DA:84,0
DA:85,0
DA:87,0
DA:89,0
DA:90,0
DA:93,0
DA:94,0
DA:96,0
DA:151,0
DA:152,0
DA:153,0
DA:154,0
DA:157,0
DA:159,0
DA:177,0
DA:181,0
DA:188,0
DA:192,0
DA:193,0
DA:201,0
DA:205,0
DA:212,0
DA:220,0
DA:221,0
DA:234,0
DA:238,0
DA:250,0
DA:254,0
DA:261,0
DA:265,0
DA:277,0
DA:284,0
DA:291,0
DA:295,0
DA:302,0
DA:306,0
DA:313,0
DA:317,0
DA:328,0
DA:339,0
DA:343,0
DA:350,0
DA:354,0
DA:361,0
DA:365,0
DA:377,0
DA:381,0
DA:388,0
DA:392,0
DA:398,0
DA:409,0
DA:413,0
DA:420,0
DA:427,0
DA:434,0
DA:438,0
DA:450,0
DA:454,0
DA:460,0
DA:471,0
DA:475,0
DA:481,0
DA:491,0
DA:496,0
DA:499,0
LF:116
LH:0
BRDA:87,0,0,0
BRDA:87,0,1,0
BRDA:103,1,0,0
BRDA:103,1,1,0
BRDA:104,2,0,0
BRDA:104,2,1,0
BRDA:107,3,0,0
BRDA:107,3,1,0
BRDA:133,4,0,0
BRDA:133,4,1,0
BRDA:134,5,0,0
BRDA:134,5,1,0
BRDA:135,6,0,0
BRDA:135,6,1,0
BRDA:136,7,0,0
BRDA:136,7,1,0
BRDA:140,8,0,0
BRDA:140,8,1,0
BRDA:141,9,0,0
BRDA:141,9,1,0
BRDA:144,10,0,0
BRDA:144,10,1,0
BRDA:145,11,0,0
BRDA:145,11,1,0
BRDA:146,12,0,0
BRDA:146,12,1,0
BRDA:277,13,0,0
BRDA:277,13,1,0
BRDA:388,14,0,0
BRDA:388,14,1,0
BRDA:420,15,0,0
BRDA:420,15,1,0
BRDA:475,16,0,0
BRDA:475,16,1,0
BRDA:481,17,0,0
BRDA:481,17,1,0
BRF:36
BRH:0
end_of_record
TN:
SF:components/AssetList.tsx
FN:23,(anonymous_9)
FN:38,(anonymous_10)
FN:81,(anonymous_11)
FN:87,(anonymous_12)
FN:93,(anonymous_13)
FN:99,(anonymous_14)
FN:107,(anonymous_15)
FN:112,(anonymous_16)
FN:113,(anonymous_17)
FN:127,(anonymous_18)
FN:128,(anonymous_19)
FN:138,(anonymous_20)
FN:146,(anonymous_21)
FN:149,(anonymous_22)
FN:151,(anonymous_23)
FN:154,(anonymous_24)
FN:165,(anonymous_25)
FN:175,(anonymous_26)
FN:217,(anonymous_27)
FN:235,(anonymous_28)
FN:252,(anonymous_29)
FN:252,(anonymous_30)
FN:256,(anonymous_31)
FN:256,(anonymous_32)
FN:259,(anonymous_33)
FN:263,(anonymous_34)
FN:263,(anonymous_35)
FN:266,(anonymous_36)
FN:270,(anonymous_37)
FN:270,(anonymous_38)
FN:273,(anonymous_39)
FN:295,(anonymous_40)
FN:325,(anonymous_41)
FN:350,(anonymous_42)
FN:353,(anonymous_43)
FNF:35
FNH:0
FNDA:0,(anonymous_9)
FNDA:0,(anonymous_10)
FNDA:0,(anonymous_11)
FNDA:0,(anonymous_12)
FNDA:0,(anonymous_13)
FNDA:0,(anonymous_14)
FNDA:0,(anonymous_15)
FNDA:0,(anonymous_16)
FNDA:0,(anonymous_17)
FNDA:0,(anonymous_18)
FNDA:0,(anonymous_19)
FNDA:0,(anonymous_20)
FNDA:0,(anonymous_21)
FNDA:0,(anonymous_22)
FNDA:0,(anonymous_23)
FNDA:0,(anonymous_24)
FNDA:0,(anonymous_25)
FNDA:0,(anonymous_26)
FNDA:0,(anonymous_27)
FNDA:0,(anonymous_28)
FNDA:0,(anonymous_29)
FNDA:0,(anonymous_30)
FNDA:0,(anonymous_31)
FNDA:0,(anonymous_32)
FNDA:0,(anonymous_33)
FNDA:0,(anonymous_34)
FNDA:0,(anonymous_35)
FNDA:0,(anonymous_36)
FNDA:0,(anonymous_37)
FNDA:0,(anonymous_38)
FNDA:0,(anonymous_39)
FNDA:0,(anonymous_40)
FNDA:0,(anonymous_41)
FNDA:0,(anonymous_42)
FNDA:0,(anonymous_43)
DA:2,0
DA:4,0
DA:5,0
DA:6,0
DA:7,0
DA:8,0
DA:9,0
DA:10,0
DA:18,0
DA:20,0
DA:23,0
DA:24,0
DA:38,0
DA:39,0
DA:42,0
DA:44,0
DA:81,0
DA:82,0
DA:87,0
DA:88,0
DA:93,0
DA:94,0
DA:99,0
DA:100,0
DA:101,0
DA:102,0
DA:103,0
DA:104,0
DA:107,0
DA:108,0
DA:109,0
DA:112,0
DA:113,0
DA:114,0
DA:115,0
DA:116,0
DA:117,0
DA:122,0
DA:127,0
DA:128,0
DA:129,0
DA:130,0
DA:131,0
DA:132,0
DA:133,0
DA:134,0
DA:138,0
DA:139,0
DA:146,0
DA:149,0
DA:150,0
DA:151,0
DA:154,0
DA:155,0
DA:156,0
DA:160,0
DA:165,0
DA:175,0
DA:218,0
DA:235,0
DA:252,0
DA:256,0
DA:259,0
DA:263,0
DA:266,0
DA:270,0
DA:273,0
DA:296,0
DA:325,0
DA:350,0
DA:353,0
LF:71
LH:0
BRDA:23,0,0,0
BRDA:39,1,0,0
BRDA:39,1,1,0
BRDA:114,2,0,0
BRDA:114,2,1,0
BRDA:115,3,0,0
BRDA:115,3,1,0
BRDA:116,4,0,0
BRDA:116,4,1,0
BRDA:117,5,0,0
BRDA:117,5,1,0
BRDA:118,6,0,0
BRDA:118,6,1,0
BRDA:118,6,2,0
BRDA:122,7,0,0
BRDA:122,7,1,0
BRDA:122,7,2,0
BRDA:122,7,3,0
BRDA:130,8,0,0
BRDA:130,8,1,0
BRDA:131,9,0,0
BRDA:131,9,1,0
BRDA:132,10,0,0
BRDA:132,10,1,0
BRDA:133,11,0,0
BRDA:133,11,1,0
BRDA:150,12,0,0
BRDA:150,12,1,0
BRDA:150,13,0,0
BRDA:150,13,1,0
BRDA:155,14,0,0
BRDA:155,14,1,0
BRDA:167,15,0,0
BRDA:167,15,1,0
BRDA:177,16,0,0
BRDA:177,16,1,0
BRDA:187,17,0,0
BRDA:187,17,1,0
BRDA:190,18,0,0
BRDA:190,18,1,0
BRDA:294,19,0,0
BRDA:294,19,1,0
BRDA:300,20,0,0
BRDA:300,20,1,0
BRDA:303,21,0,0
BRDA:303,21,1,0
BRDA:307,22,0,0
BRDA:307,22,1,0
BRDA:308,23,0,0
BRDA:308,23,1,0
BRDA:311,24,0,0
BRDA:311,24,1,0
BRDA:316,25,0,0
BRDA:316,25,1,0
BRDA:317,26,0,0
BRDA:317,26,1,0
BRDA:320,27,0,0
BRDA:320,27,1,0
BRF:58
BRH:0
end_of_record
TN:
SF:components/AssetOperationalAge.tsx
FN:10,(anonymous_9)
FN:11,(anonymous_10)
FN:21,(anonymous_11)
FN:30,(anonymous_12)
FN:33,(anonymous_13)
FN:35,(anonymous_14)
FN:40,(anonymous_15)
FN:44,(anonymous_16)
FN:104,(anonymous_17)
FNF:9
FNH:0
FNDA:0,(anonymous_9)
FNDA:0,(anonymous_10)
FNDA:0,(anonymous_11)
FNDA:0,(anonymous_12)
FNDA:0,(anonymous_13)
FNDA:0,(anonymous_14)
FNDA:0,(anonymous_15)
FNDA:0,(anonymous_16)
FNDA:0,(anonymous_17)
DA:1,0
DA:3,0
DA:4,0
DA:10,0
DA:11,0
DA:12,0
DA:13,0
DA:21,0
DA:22,0
DA:23,0
DA:24,0
DA:25,0
DA:26,0
DA:27,0
DA:30,0
DA:33,0
DA:34,0
DA:35,0
DA:36,0
DA:37,0
DA:40,0
DA:41,0
DA:44,0
DA:45,0
DA:48,0
DA:51,0
DA:105,0
LF:27
LH:0
BRDA:23,0,0,0
BRDA:23,0,1,0
BRDA:24,1,0,0
BRDA:24,1,1,0
BRDA:25,2,0,0
BRDA:25,2,1,0
BRDA:26,3,0,0
BRDA:26,3,1,0
BRF:8
BRH:0
end_of_record
TN:
SF:components/AssetQRCodes.tsx
FN:9,(anonymous_9)
FN:12,(anonymous_10)
FN:13,(anonymous_11)
FN:15,(anonymous_12)
FN:20,(anonymous_13)
FN:44,(anonymous_14)
FN:45,(anonymous_15)
FN:70,(anonymous_16)
FN:81,(anonymous_17)
FN:91,(anonymous_18)
FN:143,(anonymous_19)
FN:191,(anonymous_20)
FN:197,(anonymous_21)
FNF:13
FNH:0
FNDA:0,(anonymous_9)
FNDA:0,(anonymous_10)
FNDA:0,(anonymous_11)
FNDA:0,(anonymous_12)
FNDA:0,(anonymous_13)
FNDA:0,(anonymous_14)
FNDA:0,(anonymous_15)
FNDA:0,(anonymous_16)
FNDA:0,(anonymous_17)
FNDA:0,(anonymous_18)
FNDA:0,(anonymous_19)
FNDA:0,(anonymous_20)
FNDA:0,(anonymous_21)
DA:1,0
DA:3,0
DA:9,0
DA:10,0
DA:12,0
DA:13,0
DA:14,0
DA:15,0
DA:20,0
DA:21,0
DA:22,0
DA:23,0
DA:27,0
DA:28,0
DA:29,0
DA:32,0
DA:33,0
DA:34,0
DA:35,0
DA:37,0
DA:38,0
DA:41,0
DA:42,0
DA:44,0
DA:45,0
DA:46,0
DA:48,0
DA:49,0
DA:50,0
DA:51,0
DA:54,0
DA:55,0
DA:56,0
DA:57,0
DA:58,0
DA:61,0
DA:62,0
DA:63,0
DA:64,0
DA:65,0
DA:66,0
DA:70,0
DA:71,0
DA:72,0
DA:73,0
DA:74,0
DA:75,0
DA:76,0
DA:77,0
DA:81,0
DA:82,0
DA:83,0
DA:84,0
DA:88,0
DA:89,0
DA:91,0
DA:93,0
DA:143,0
DA:162,0
DA:165,0
DA:192,0
DA:197,0
LF:62
LH:0
BRDA:14,0,0,0
BRDA:14,0,1,0
BRDA:21,1,0,0
BRDA:21,1,1,0
BRDA:29,2,0,0
BRDA:29,2,1,0
BRDA:46,3,0,0
BRDA:46,3,1,0
BRDA:71,4,0,0
BRDA:71,4,1,0
BRDA:82,5,0,0
BRDA:82,5,1,0
BRDA:89,6,0,0
BRDA:89,6,1,0
BRF:14
BRH:0
end_of_record
TN:
SF:components/AssetRegistry.tsx
FN:17,(anonymous_9)
FN:22,(anonymous_10)
FN:23,(anonymous_11)
FN:60,(anonymous_12)
FN:61,(anonymous_13)
FN:76,(anonymous_14)
FN:93,(anonymous_15)
FN:100,(anonymous_16)
FN:101,(anonymous_17)
FN:102,(anonymous_18)
FN:104,(anonymous_19)
FN:123,(anonymous_20)
FN:129,(anonymous_21)
FN:135,(anonymous_22)
FN:144,(anonymous_23)
FN:172,(anonymous_24)
FN:180,(anonymous_25)
FN:184,(anonymous_26)
FN:191,(anonymous_27)
FN:195,(anonymous_28)
FN:202,(anonymous_29)
FN:206,(anonymous_30)
FN:213,(anonymous_31)
FN:242,(anonymous_32)
FN:244,(anonymous_33)
FN:246,(anonymous_34)
FN:246,(anonymous_35)
FN:253,(anonymous_36)
FN:260,(anonymous_37)
FN:268,(anonymous_38)
FN:275,(anonymous_39)
FN:282,(anonymous_40)
FN:291,(anonymous_41)
FN:297,(anonymous_42)
FN:301,(anonymous_43)
FN:345,(anonymous_44)
FN:353,(anonymous_45)
FN:381,(anonymous_46)
FN:388,(anonymous_47)
FN:402,(anonymous_48)
FN:403,(anonymous_49)
FN:409,(anonymous_50)
FN:410,(anonymous_51)
FN:414,(anonymous_52)
FN:428,(anonymous_53)
FN:429,(anonymous_54)
FN:431,(anonymous_55)
FN:435,(anonymous_56)
FN:439,(anonymous_57)
FN:440,(anonymous_58)
FN:441,(anonymous_59)
FN:477,(anonymous_60)
FN:478,(anonymous_61)
FN:484,(anonymous_62)
FN:505,(anonymous_63)
FN:569,(anonymous_64)
FNF:56
FNH:0
FNDA:0,(anonymous_9)
FNDA:0,(anonymous_10)
FNDA:0,(anonymous_11)
FNDA:0,(anonymous_12)
FNDA:0,(anonymous_13)
FNDA:0,(anonymous_14)
FNDA:0,(anonymous_15)
FNDA:0,(anonymous_16)
FNDA:0,(anonymous_17)
FNDA:0,(anonymous_18)
FNDA:0,(anonymous_19)
FNDA:0,(anonymous_20)
FNDA:0,(anonymous_21)
FNDA:0,(anonymous_22)
FNDA:0,(anonymous_23)
FNDA:0,(anonymous_24)
FNDA:0,(anonymous_25)
FNDA:0,(anonymous_26)
FNDA:0,(anonymous_27)
FNDA:0,(anonymous_28)
FNDA:0,(anonymous_29)
FNDA:0,(anonymous_30)
FNDA:0,(anonymous_31)
FNDA:0,(anonymous_32)
FNDA:0,(anonymous_33)
FNDA:0,(anonymous_34)
FNDA:0,(anonymous_35)
FNDA:0,(anonymous_36)
FNDA:0,(anonymous_37)
FNDA:0,(anonymous_38)
FNDA:0,(anonymous_39)
FNDA:0,(anonymous_40)
FNDA:0,(anonymous_41)
FNDA:0,(anonymous_42)
FNDA:0,(anonymous_43)
FNDA:0,(anonymous_44)
FNDA:0,(anonymous_45)
FNDA:0,(anonymous_46)
FNDA:0,(anonymous_47)
FNDA:0,(anonymous_48)
FNDA:0,(anonymous_49)
FNDA:0,(anonymous_50)
FNDA:0,(anonymous_51)
FNDA:0,(anonymous_52)
FNDA:0,(anonymous_53)
FNDA:0,(anonymous_54)
FNDA:0,(anonymous_55)
FNDA:0,(anonymous_56)
FNDA:0,(anonymous_57)
FNDA:0,(anonymous_58)
FNDA:0,(anonymous_59)
FNDA:0,(anonymous_60)
FNDA:0,(anonymous_61)
FNDA:0,(anonymous_62)
FNDA:0,(anonymous_63)
FNDA:0,(anonymous_64)
DA:1,0
DA:3,0
DA:4,0
DA:5,0
DA:6,0
DA:15,0
DA:17,0
DA:18,0
DA:19,0
DA:22,0
DA:23,0
DA:24,0
DA:25,0
DA:26,0
DA:27,0
DA:28,0
DA:30,0
DA:31,0
DA:32,0
DA:36,0
DA:38,0
DA:41,0
DA:44,0
DA:51,0
DA:52,0
DA:53,0
DA:54,0
DA:55,0
DA:56,0
DA:57,0
DA:58,0
DA:60,0
DA:61,0
DA:63,0
DA:67,0
DA:68,0
DA:69,0
DA:70,0
DA:72,0
DA:76,0
DA:77,0
DA:78,0
DA:80,0
DA:81,0
DA:82,0
DA:85,0
DA:86,0
DA:87,0
DA:90,0
DA:93,0
DA:94,0
DA:95,0
DA:98,0
DA:100,0
DA:101,0
DA:102,0
DA:104,0
DA:105,0
DA:106,0
DA:108,0
DA:109,0
DA:111,0
DA:114,0
DA:123,0
DA:129,0
DA:135,0
DA:144,0
DA:172,0
DA:180,0
DA:184,0
DA:191,0
DA:195,0
DA:202,0
DA:206,0
DA:213,0
DA:243,0
DA:244,0
DA:246,0
DA:253,0
DA:260,0
DA:268,0
DA:275,0
DA:282,0
DA:292,0
DA:298,0
DA:299,0
DA:301,0
DA:345,0
DA:353,0
DA:381,0
DA:388,0
DA:402,0
DA:403,0
DA:409,0
DA:411,0
DA:412,0
DA:414,0
DA:418,0
DA:420,0
DA:428,0
DA:430,0
DA:431,0
DA:432,0
DA:433,0
DA:434,0
DA:435,0
DA:438,0
DA:439,0
DA:441,0
DA:442,0
DA:454,0
DA:455,0
DA:458,0
DA:459,0
DA:462,0
DA:477,0
DA:478,0
DA:481,0
DA:484,0
DA:485,0
DA:486,0
DA:487,0
DA:490,0
DA:491,0
DA:492,0
DA:494,0
DA:495,0
DA:496,0
DA:497,0
DA:499,0
DA:500,0
DA:502,0
DA:503,0
DA:505,0
DA:506,0
DA:507,0
DA:508,0
DA:509,0
DA:512,0
DA:513,0
DA:514,0
DA:517,0
DA:518,0
DA:521,0
DA:522,0
DA:523,0
DA:525,0
DA:526,0
DA:527,0
DA:528,0
DA:531,0
DA:532,0
DA:533,0
DA:534,0
DA:537,0
DA:570,0
LF:156
LH:0
BRDA:27,0,0,0
BRDA:27,0,1,0
BRDA:30,1,0,0
BRDA:30,1,1,0
BRDA:31,2,0,0
BRDA:31,2,1,0
BRDA:31,3,0,0
BRDA:31,3,1,0
BRDA:63,4,0,0
BRDA:63,4,1,0
BRDA:63,4,2,0
BRDA:67,5,0,0
BRDA:67,5,1,0
BRDA:68,6,0,0
BRDA:68,6,1,0
BRDA:69,7,0,0
BRDA:69,7,1,0
BRDA:70,8,0,0
BRDA:70,8,1,0
BRDA:70,9,0,0
BRDA:70,9,1,0
BRDA:72,10,0,0
BRDA:72,10,1,0
BRDA:72,10,2,0
BRDA:72,10,3,0
BRDA:72,10,4,0
BRDA:80,11,0,0
BRDA:80,11,1,0
BRDA:85,12,0,0
BRDA:85,12,1,0
BRDA:85,13,0,0
BRDA:85,13,1,0
BRDA:86,14,0,0
BRDA:86,14,1,0
BRDA:86,15,0,0
BRDA:86,15,1,0
BRDA:105,16,0,0
BRDA:105,16,1,0
BRDA:106,17,0,0
BRDA:106,17,1,0
BRDA:136,18,0,0
BRDA:136,18,1,0
BRDA:145,19,0,0
BRDA:145,19,1,0
BRDA:157,20,0,0
BRDA:157,20,1,0
BRDA:241,21,0,0
BRDA:241,21,1,0
BRDA:243,22,0,0
BRDA:243,22,1,0
BRDA:255,23,0,0
BRDA:255,23,1,0
BRDA:255,24,0,0
BRDA:255,24,1,0
BRDA:262,25,0,0
BRDA:262,25,1,0
BRDA:262,26,0,0
BRDA:262,26,1,0
BRDA:270,27,0,0
BRDA:270,27,1,0
BRDA:270,28,0,0
BRDA:270,28,1,0
BRDA:277,29,0,0
BRDA:277,29,1,0
BRDA:277,30,0,0
BRDA:277,30,1,0
BRDA:284,31,0,0
BRDA:284,31,1,0
BRDA:284,32,0,0
BRDA:284,32,1,0
BRDA:298,33,0,0
BRDA:298,33,1,0
BRDA:313,34,0,0
BRDA:313,34,1,0
BRDA:313,35,0,0
BRDA:313,35,1,0
BRDA:317,36,0,0
BRDA:317,36,1,0
BRDA:317,36,2,0
BRDA:317,36,3,0
BRDA:317,36,4,0
BRDA:320,37,0,0
BRDA:320,37,1,0
BRDA:325,38,0,0
BRDA:325,38,1,0
BRDA:326,39,0,0
BRDA:326,39,1,0
BRDA:330,40,0,0
BRDA:330,40,1,0
BRDA:333,41,0,0
BRDA:333,41,1,0
BRDA:334,42,0,0
BRDA:334,42,1,0
BRDA:343,43,0,0
BRDA:343,43,1,0
BRDA:351,44,0,0
BRDA:351,44,1,0
BRDA:367,45,0,0
BRDA:367,45,1,0
BRDA:374,46,0,0
BRDA:374,46,1,0
BRDA:411,47,0,0
BRDA:411,47,1,0
BRDA:443,48,0,0
BRDA:443,48,1,0
BRDA:444,49,0,0
BRDA:444,49,1,0
BRDA:445,50,0,0
BRDA:445,50,1,0
BRDA:446,51,0,0
BRDA:446,51,1,0
BRDA:447,52,0,0
BRDA:447,52,1,0
BRDA:449,53,0,0
BRDA:449,53,1,0
BRDA:454,54,0,0
BRDA:454,54,1,0
BRDA:485,55,0,0
BRDA:485,55,1,0
BRDA:492,56,0,0
BRDA:492,56,1,0
BRDA:542,57,0,0
BRDA:542,57,1,0
BRDA:562,58,0,0
BRDA:562,58,1,0
BRF:125
BRH:0
end_of_record
TN:
SF:components/AssetVerification.tsx
FN:13,(anonymous_9)
FN:21,(anonymous_10)
FN:22,(anonymous_11)
FN:27,(anonymous_12)
FN:28,(anonymous_13)
FN:33,(anonymous_14)
FN:35,(anonymous_15)
FN:36,(anonymous_16)
FN:41,(anonymous_17)
FN:42,(anonymous_18)
FN:52,(anonymous_19)
FN:54,(anonymous_20)
FN:55,(anonymous_21)
FN:56,(anonymous_22)
FN:57,(anonymous_23)
FN:58,(anonymous_24)
FN:69,(anonymous_25)
FN:97,(anonymous_26)
FN:103,(anonymous_27)
FN:111,(anonymous_28)
FN:114,(anonymous_29)
FN:122,(anonymous_30)
FN:126,(anonymous_31)
FN:134,(anonymous_32)
FN:187,(anonymous_33)
FN:218,(anonymous_34)
FN:228,(anonymous_35)
FN:238,(anonymous_36)
FN:248,(anonymous_37)
FNF:29
FNH:0
FNDA:0,(anonymous_9)
FNDA:0,(anonymous_10)
FNDA:0,(anonymous_11)
FNDA:0,(anonymous_12)
FNDA:0,(anonymous_13)
FNDA:0,(anonymous_14)
FNDA:0,(anonymous_15)
FNDA:0,(anonymous_16)
FNDA:0,(anonymous_17)
FNDA:0,(anonymous_18)
FNDA:0,(anonymous_19)
FNDA:0,(anonymous_20)
FNDA:0,(anonymous_21)
FNDA:0,(anonymous_22)
FNDA:0,(anonymous_23)
FNDA:0,(anonymous_24)
FNDA:0,(anonymous_25)
FNDA:0,(anonymous_26)
FNDA:0,(anonymous_27)
FNDA:0,(anonymous_28)
FNDA:0,(anonymous_29)
FNDA:0,(anonymous_30)
FNDA:0,(anonymous_31)
FNDA:0,(anonymous_32)
FNDA:0,(anonymous_33)
FNDA:0,(anonymous_34)
FNDA:0,(anonymous_35)
FNDA:0,(anonymous_36)
FNDA:0,(anonymous_37)
DA:2,0
DA:4,0
DA:5,0
DA:6,0
DA:13,0
DA:14,0
DA:15,0
DA:16,0
DA:17,0
DA:18,0
DA:21,0
DA:22,0
DA:23,0
DA:27,0
DA:28,0
DA:29,0
DA:33,0
DA:34,0
DA:35,0
DA:36,0
DA:37,0
DA:41,0
DA:42,0
DA:43,0
DA:44,0
DA:45,0
DA:46,0
DA:47,0
DA:52,0
DA:53,0
DA:54,0
DA:55,0
DA:56,0
DA:57,0
DA:58,0
DA:59,0
DA:60,0
DA:63,0
DA:69,0
DA:98,0
DA:99,0
DA:103,0
DA:111,0
DA:114,0
DA:122,0
DA:126,0
DA:134,0
DA:188,0
DA:218,0
DA:228,0
DA:238,0
DA:248,0
LF:52
LH:0
BRDA:34,0,0,0
BRDA:34,0,1,0
BRDA:43,1,0,0
BRDA:43,1,1,0
BRDA:44,2,0,0
BRDA:44,2,1,0
BRDA:45,3,0,0
BRDA:45,3,1,0
BRDA:46,4,0,0
BRDA:46,4,1,0
BRDA:47,5,0,0
BRDA:47,5,1,0
BRDA:47,5,2,0
BRDA:47,5,3,0
BRDA:59,6,0,0
BRDA:59,6,1,0
BRDA:71,7,0,0
BRDA:71,7,1,0
BRDA:76,8,0,0
BRDA:76,8,1,0
BRDA:81,9,0,0
BRDA:81,9,1,0
BRDA:186,10,0,0
BRDA:186,10,1,0
BRDA:191,11,0,0
BRDA:191,11,1,0
BRDA:192,12,0,0
BRDA:192,12,1,0
BRDA:193,13,0,0
BRDA:193,13,1,0
BRDA:194,14,0,0
BRDA:194,14,1,0
BRDA:211,15,0,0
BRDA:211,15,1,0
BRDA:211,16,0,0
BRDA:211,16,1,0
BRDA:220,17,0,0
BRDA:220,17,1,0
BRDA:230,18,0,0
BRDA:230,18,1,0
BRDA:240,19,0,0
BRDA:240,19,1,0
BRDA:250,20,0,0
BRDA:250,20,1,0
BRF:44
BRH:0
end_of_record
TN:
SF:components/AssetVerificationDashboard.tsx
FN:27,(anonymous_9)
FN:29,(anonymous_10)
FN:33,(anonymous_11)
FN:34,(anonymous_12)
FN:35,(anonymous_13)
FN:36,(anonymous_14)
FN:37,(anonymous_15)
FN:44,(anonymous_16)
FN:65,(anonymous_17)
FN:87,(anonymous_18)
FN:97,(anonymous_19)
FN:122,(anonymous_20)
FN:123,(anonymous_21)
FN:125,(anonymous_22)
FN:240,(anonymous_23)
FN:289,(anonymous_24)
FNF:16
FNH:0
FNDA:0,(anonymous_9)
FNDA:0,(anonymous_10)
FNDA:0,(anonymous_11)
FNDA:0,(anonymous_12)
FNDA:0,(anonymous_13)
FNDA:0,(anonymous_14)
FNDA:0,(anonymous_15)
FNDA:0,(anonymous_16)
FNDA:0,(anonymous_17)
FNDA:0,(anonymous_18)
FNDA:0,(anonymous_19)
FNDA:0,(anonymous_20)
FNDA:0,(anonymous_21)
FNDA:0,(anonymous_22)
FNDA:0,(anonymous_23)
FNDA:0,(anonymous_24)
DA:1,0
DA:3,0
DA:27,0
DA:29,0
DA:30,0
DA:33,0
DA:34,0
DA:35,0
DA:36,0
DA:37,0
DA:40,0
DA:41,0
DA:44,0
DA:45,0
DA:46,0
DA:55,0
DA:56,0
DA:57,0
DA:58,0
DA:59,0
DA:60,0
DA:61,0
DA:65,0
DA:66,0
DA:67,0
DA:76,0
DA:77,0
DA:78,0
DA:79,0
DA:80,0
DA:81,0
DA:82,0
DA:86,0
DA:87,0
DA:91,0
DA:92,0
DA:95,0
DA:96,0
DA:97,0
DA:98,0
DA:99,0
DA:101,0
DA:103,0
DA:122,0
DA:123,0
DA:125,0
DA:126,0
DA:134,0
DA:142,0
DA:241,0
DA:242,0
DA:243,0
DA:290,0
DA:291,0
DA:292,0
LF:55
LH:0
BRDA:40,0,0,0
BRDA:40,0,1,0
BRDA:41,1,0,0
BRDA:41,1,1,0
BRDA:45,2,0,0
BRDA:45,2,1,0
BRDA:56,3,0,0
BRDA:56,3,1,0
BRDA:57,4,0,0
BRDA:57,4,1,0
BRDA:58,5,0,0
BRDA:58,5,1,0
BRDA:59,6,0,0
BRDA:59,6,1,0
BRDA:60,7,0,0
BRDA:60,7,1,0
BRDA:66,8,0,0
BRDA:66,8,1,0
BRDA:77,9,0,0
BRDA:77,9,1,0
BRDA:78,10,0,0
BRDA:78,10,1,0
BRDA:79,11,0,0
BRDA:79,11,1,0
BRDA:80,12,0,0
BRDA:80,12,1,0
BRDA:81,13,0,0
BRDA:81,13,1,0
BRDA:86,14,0,0
BRDA:86,14,1,0
BRDA:87,15,0,0
BRDA:87,15,1,0
BRDA:92,16,0,0
BRDA:92,16,1,0
BRDA:98,17,0,0
BRDA:98,17,1,0
BRDA:101,18,0,0
BRDA:101,18,1,0
BRDA:125,19,0,0
BRDA:125,20,0,0
BRDA:135,21,0,0
BRDA:135,21,1,0
BRDA:165,22,0,0
BRDA:165,22,1,0
BRDA:175,23,0,0
BRDA:175,23,1,0
BRDA:185,24,0,0
BRDA:185,24,1,0
BRDA:195,25,0,0
BRDA:195,25,1,0
BRDA:205,26,0,0
BRDA:205,26,1,0
BRDA:242,27,0,0
BRDA:242,27,1,0
BRDA:253,28,0,0
BRDA:253,28,1,0
BRDA:254,29,0,0
BRDA:254,29,1,0
BRDA:291,30,0,0
BRDA:291,30,1,0
BRDA:302,31,0,0
BRDA:302,31,1,0
BRDA:303,32,0,0
BRDA:303,32,1,0
BRF:64
BRH:0
end_of_record
TN:
SF:components/AuditFormModal.tsx
FN:17,(anonymous_9)
FN:32,(anonymous_10)
FN:33,(anonymous_11)
FN:35,(anonymous_12)
FN:40,(anonymous_13)
FN:78,(anonymous_14)
FN:84,(anonymous_15)
FN:85,(anonymous_16)
FN:90,(anonymous_17)
FN:101,(anonymous_18)
FN:105,(anonymous_19)
FN:111,(anonymous_20)
FN:116,(anonymous_21)
FN:122,(anonymous_22)
FN:127,(anonymous_23)
FN:139,(anonymous_24)
FN:143,(anonymous_25)
FN:149,(anonymous_26)
FNF:18
FNH:0
FNDA:0,(anonymous_9)
FNDA:0,(anonymous_10)
FNDA:0,(anonymous_11)
FNDA:0,(anonymous_12)
FNDA:0,(anonymous_13)
FNDA:0,(anonymous_14)
FNDA:0,(anonymous_15)
FNDA:0,(anonymous_16)
FNDA:0,(anonymous_17)
FNDA:0,(anonymous_18)
FNDA:0,(anonymous_19)
FNDA:0,(anonymous_20)
FNDA:0,(anonymous_21)
FNDA:0,(anonymous_22)
FNDA:0,(anonymous_23)
FNDA:0,(anonymous_24)
FNDA:0,(anonymous_25)
FNDA:0,(anonymous_26)
DA:2,0
DA:11,0
DA:12,0
DA:14,0
DA:15,0
DA:17,0
DA:18,0
DA:19,0
DA:20,0
DA:21,0
DA:22,0
DA:23,0
DA:24,0
DA:25,0
DA:26,0
DA:27,0
DA:28,0
DA:30,0
DA:32,0
DA:33,0
DA:34,0
DA:35,0
DA:40,0
DA:41,0
DA:42,0
DA:56,0
DA:57,0
DA:58,0
DA:59,0
DA:60,0
DA:61,0
DA:62,0
DA:63,0
DA:64,0
DA:67,0
DA:78,0
DA:84,0
DA:85,0
DA:90,0
DA:101,0
DA:105,0
DA:111,0
DA:116,0
DA:123,0
DA:127,0
DA:139,0
DA:143,0
DA:149,0
LF:48
LH:0
BRDA:30,0,0,0
BRDA:30,0,1,0
BRDA:34,1,0,0
BRDA:34,1,1,0
BRDA:48,2,0,0
BRDA:48,2,1,0
BRDA:49,3,0,0
BRDA:49,3,1,0
BRDA:50,4,0,0
BRDA:50,4,1,0
BRDA:51,5,0,0
BRDA:51,5,1,0
BRDA:53,6,0,0
BRDA:53,6,1,0
BRDA:139,7,0,0
BRDA:139,7,1,0
BRF:16
BRH:0
end_of_record
TN:
SF:components/AuditList.tsx
FN:12,(anonymous_9)
FN:16,(anonymous_10)
FN:17,(anonymous_11)
FN:25,(anonymous_12)
FN:26,(anonymous_13)
FN:28,(anonymous_14)
FN:32,(anonymous_15)
FN:37,(anonymous_16)
FN:93,(anonymous_17)
FN:98,(anonymous_18)
FN:122,(anonymous_19)
FN:184,(anonymous_20)
FN:190,(anonymous_21)
FN:197,(anonymous_22)
FNF:14
FNH:0
FNDA:0,(anonymous_9)
FNDA:0,(anonymous_10)
FNDA:0,(anonymous_11)
FNDA:0,(anonymous_12)
FNDA:0,(anonymous_13)
FNDA:0,(anonymous_14)
FNDA:0,(anonymous_15)
FNDA:0,(anonymous_16)
FNDA:0,(anonymous_17)
FNDA:0,(anonymous_18)
FNDA:0,(anonymous_19)
FNDA:0,(anonymous_20)
FNDA:0,(anonymous_21)
FNDA:0,(anonymous_22)
DA:2,0
DA:4,0
DA:10,0
DA:12,0
DA:13,0
DA:14,0
DA:16,0
DA:17,0
DA:18,0
DA:20,0
DA:21,0
DA:25,0
DA:26,0
DA:27,0
DA:28,0
DA:30,0
DA:32,0
DA:37,0
DA:38,0
DA:39,0
DA:40,0
DA:41,0
DA:44,0
DA:93,0
DA:98,0
DA:123,0
DA:184,0
DA:185,0
DA:190,0
DA:191,0
DA:197,0
DA:198,0
LF:32
LH:0
BRDA:18,0,0,0
BRDA:18,0,1,0
BRDA:20,1,0,0
BRDA:20,1,1,0
BRDA:21,2,0,0
BRDA:21,2,1,0
BRDA:27,3,0,0
BRDA:27,3,1,0
BRDA:28,4,0,0
BRDA:28,4,1,0
BRDA:38,5,0,0
BRDA:38,5,1,0
BRDA:39,6,0,0
BRDA:39,6,1,0
BRDA:40,7,0,0
BRDA:40,7,1,0
BRDA:126,8,0,0
BRDA:126,8,1,0
BRDA:129,9,0,0
BRDA:129,9,1,0
BRDA:130,10,0,0
BRDA:130,10,1,0
BRDA:137,11,0,0
BRDA:137,11,1,0
BRDA:148,12,0,0
BRDA:148,12,1,0
BRDA:148,13,0,0
BRDA:148,13,1,0
BRDA:155,14,0,0
BRDA:155,14,1,0
BRDA:155,15,0,0
BRDA:155,15,1,0
BRDA:162,16,0,0
BRDA:162,16,1,0
BRDA:163,17,0,0
BRDA:163,17,1,0
BRDA:170,18,0,0
BRDA:170,18,1,0
BRF:38
BRH:0
end_of_record
TN:
SF:components/BuildingFormModal.tsx
FN:11,(anonymous_9)
FN:38,(anonymous_10)
FN:60,(anonymous_11)
FN:119,(anonymous_12)
FN:131,(anonymous_13)
FN:145,(anonymous_14)
FN:164,(anonymous_15)
FN:180,(anonymous_16)
FN:199,(anonymous_17)
FN:211,(anonymous_18)
FN:231,(anonymous_19)
FN:243,(anonymous_20)
FN:255,(anonymous_21)
FN:276,(anonymous_22)
FN:288,(anonymous_23)
FNF:15
FNH:0
FNDA:0,(anonymous_9)
FNDA:0,(anonymous_10)
FNDA:0,(anonymous_11)
FNDA:0,(anonymous_12)
FNDA:0,(anonymous_13)
FNDA:0,(anonymous_14)
FNDA:0,(anonymous_15)
FNDA:0,(anonymous_16)
FNDA:0,(anonymous_17)
FNDA:0,(anonymous_18)
FNDA:0,(anonymous_19)
FNDA:0,(anonymous_20)
FNDA:0,(anonymous_21)
FNDA:0,(anonymous_22)
FNDA:0,(anonymous_23)
DA:1,0
DA:11,0
DA:17,0
DA:19,0
DA:38,0
DA:39,0
DA:40,0
DA:42,0
DA:60,0
DA:61,0
DA:63,0
DA:64,0
DA:65,0
DA:68,0
DA:85,0
DA:86,0
DA:89,0
DA:91,0
DA:119,0
DA:131,0
DA:145,0
DA:164,0
DA:180,0
DA:199,0
DA:211,0
DA:231,0
DA:243,0
DA:255,0
DA:276,0
DA:288,0
LF:30
LH:0
BRDA:20,0,0,0
BRDA:20,0,1,0
BRDA:39,1,0,0
BRDA:39,1,1,0
BRDA:63,2,0,0
BRDA:63,2,1,0
BRDA:63,3,0,0
BRDA:63,3,1,0
BRDA:63,3,2,0
BRDA:69,4,0,0
BRDA:69,4,1,0
BRDA:72,5,0,0
BRDA:72,5,1,0
BRDA:74,6,0,0
BRDA:74,6,1,0
BRDA:75,7,0,0
BRDA:75,7,1,0
BRDA:76,8,0,0
BRDA:76,8,1,0
BRDA:78,9,0,0
BRDA:78,9,1,0
BRDA:80,10,0,0
BRDA:80,10,1,0
BRDA:82,11,0,0
BRDA:82,11,1,0
BRDA:89,12,0,0
BRDA:89,12,1,0
BRDA:97,13,0,0
BRDA:97,13,1,0
BRDA:118,14,0,0
BRDA:118,14,1,0
BRDA:130,15,0,0
BRDA:130,15,1,0
BRDA:144,16,0,0
BRDA:144,16,1,0
BRDA:163,17,0,0
BRDA:163,17,1,0
BRDA:179,18,0,0
BRDA:179,18,1,0
BRDA:198,19,0,0
BRDA:198,19,1,0
BRDA:210,20,0,0
BRDA:210,20,1,0
BRDA:230,21,0,0
BRDA:230,21,1,0
BRDA:242,22,0,0
BRDA:242,22,1,0
BRDA:254,23,0,0
BRDA:254,23,1,0
BRDA:275,24,0,0
BRDA:275,24,1,0
BRDA:287,25,0,0
BRDA:287,25,1,0
BRDA:309,26,0,0
BRDA:309,26,1,0
BRF:55
BRH:0
end_of_record
TN:
SF:components/BulkUploadModal.tsx
FN:12,(anonymous_9)
FN:20,(anonymous_10)
FN:26,(anonymous_11)
FN:32,(anonymous_12)
FN:37,(anonymous_13)
FN:45,(anonymous_14)
FN:82,(anonymous_15)
FN:83,(anonymous_16)
FN:99,(anonymous_17)
FN:118,(anonymous_18)
FNF:10
FNH:0
FNDA:0,(anonymous_9)
FNDA:0,(anonymous_10)
FNDA:0,(anonymous_11)
FNDA:0,(anonymous_12)
FNDA:0,(anonymous_13)
FNDA:0,(anonymous_14)
FNDA:0,(anonymous_15)
FNDA:0,(anonymous_16)
FNDA:0,(anonymous_17)
FNDA:0,(anonymous_18)
DA:2,0
DA:12,0
DA:13,0
DA:14,0
DA:15,0
DA:16,0
DA:18,0
DA:20,0
DA:21,0
DA:22,0
DA:26,0
DA:27,0
DA:29,0
DA:31,0
DA:32,0
DA:33,0
DA:34,0
DA:35,0
DA:36,0
DA:37,0
DA:38,0
DA:39,0
DA:45,0
DA:46,0
DA:47,0
DA:48,0
DA:49,0
DA:52,0
DA:82,0
DA:84,0
DA:85,0
DA:86,0
DA:99,0
DA:118,0
LF:34
LH:0
BRDA:18,0,0,0
BRDA:18,0,1,0
BRDA:21,1,0,0
BRDA:21,1,1,0
BRDA:21,2,0,0
BRDA:21,2,1,0
BRDA:27,3,0,0
BRDA:27,3,1,0
BRDA:35,4,0,0
BRDA:35,4,1,0
BRDA:81,5,0,0
BRDA:81,5,1,0
BRDA:85,6,0,0
BRDA:85,6,1,0
BRDA:85,7,0,0
BRDA:85,7,1,0
BRDA:98,8,0,0
BRDA:98,8,1,0
BRDA:127,9,0,0
BRDA:127,9,1,0
BRDA:153,10,0,0
BRDA:153,10,1,0
BRDA:156,11,0,0
BRDA:156,11,1,0
BRF:24
BRH:0
end_of_record
TN:
SF:components/CSATDashboard.tsx
FN:12,(anonymous_9)
FN:13,(anonymous_10)
FN:34,(anonymous_11)
FN:35,(anonymous_12)
FN:36,(anonymous_13)
FN:37,(anonymous_14)
FN:41,(anonymous_15)
FN:58,(anonymous_16)
FN:67,(anonymous_17)
FN:69,(anonymous_18)
FN:163,(anonymous_19)
FN:212,(anonymous_20)
FNF:12
FNH:0
FNDA:0,(anonymous_9)
FNDA:0,(anonymous_10)
FNDA:0,(anonymous_11)
FNDA:0,(anonymous_12)
FNDA:0,(anonymous_13)
FNDA:0,(anonymous_14)
FNDA:0,(anonymous_15)
FNDA:0,(anonymous_16)
FNDA:0,(anonymous_17)
FNDA:0,(anonymous_18)
FNDA:0,(anonymous_19)
FNDA:0,(anonymous_20)
DA:1,0
DA:3,0
DA:4,0
DA:10,0
DA:12,0
DA:13,0
DA:14,0
DA:15,0
DA:33,0
DA:34,0
DA:35,0
DA:36,0
DA:37,0
DA:40,0
DA:41,0
DA:42,0
DA:43,0
DA:44,0
DA:48,0
DA:57,0
DA:58,0
DA:59,0
DA:60,0
DA:61,0
DA:63,0
DA:64,0
DA:67,0
DA:69,0
DA:73,0
DA:85,0
DA:164,0
DA:213,0
LF:32
LH:0
BRDA:14,0,0,0
BRDA:14,0,1,0
BRDA:34,1,0,0
BRDA:34,1,1,0
BRDA:35,2,0,0
BRDA:35,2,1,0
BRDA:36,3,0,0
BRDA:36,3,1,0
BRDA:37,4,0,0
BRDA:37,4,1,0
BRDA:42,5,0,0
BRDA:42,5,1,0
BRDA:43,6,0,0
BRDA:43,6,1,0
BRDA:43,7,0,0
BRDA:43,7,1,0
BRDA:60,8,0,0
BRDA:60,8,1,0
BRDA:63,9,0,0
BRDA:63,9,1,0
BRDA:176,10,0,0
BRDA:176,10,1,0
BRDA:208,11,0,0
BRDA:208,11,1,0
BRDA:221,12,0,0
BRDA:221,12,1,0
BRF:26
BRH:0
end_of_record
TN:
SF:components/CSATModule.tsx
FN:24,(anonymous_9)
FN:36,(anonymous_10)
FN:38,(anonymous_11)
FN:45,(anonymous_12)
FN:48,(anonymous_13)
FN:54,(anonymous_14)
FN:87,(anonymous_15)
FN:101,(anonymous_16)
FN:105,(anonymous_17)
FN:108,(anonymous_18)
FN:108,(anonymous_19)
FN:126,(anonymous_20)
FN:126,(anonymous_21)
FN:141,(anonymous_22)
FN:222,(anonymous_23)
FN:246,(anonymous_24)
FNF:16
FNH:0
FNDA:0,(anonymous_9)
FNDA:0,(anonymous_10)
FNDA:0,(anonymous_11)
FNDA:0,(anonymous_12)
FNDA:0,(anonymous_13)
FNDA:0,(anonymous_14)
FNDA:0,(anonymous_15)
FNDA:0,(anonymous_16)
FNDA:0,(anonymous_17)
FNDA:0,(anonymous_18)
FNDA:0,(anonymous_19)
FNDA:0,(anonymous_20)
FNDA:0,(anonymous_21)
FNDA:0,(anonymous_22)
FNDA:0,(anonymous_23)
FNDA:0,(anonymous_24)
DA:1,0
DA:3,0
DA:14,0
DA:24,0
DA:25,0
DA:26,0
DA:27,0
DA:28,0
DA:36,0
DA:37,0
DA:38,0
DA:39,0
DA:40,0
DA:41,0
DA:45,0
DA:46,0
DA:47,0
DA:48,0
DA:49,0
DA:50,0
DA:54,0
DA:55,0
DA:57,0
DA:71,0
DA:72,0
DA:73,0
DA:80,0
DA:83,0
DA:84,0
DA:87,0
DA:102,0
DA:106,0
DA:108,0
DA:126,0
DA:141,0
DA:153,0
DA:223,0
DA:224,0
DA:247,0
DA:248,0
LF:40
LH:0
BRDA:39,0,0,0
BRDA:39,0,1,0
BRDA:55,1,0,0
BRDA:55,1,1,0
BRDA:83,2,0,0
BRDA:83,2,1,0
BRDA:83,3,0,0
BRDA:83,3,1,0
BRDA:110,4,0,0
BRDA:110,4,1,0
BRDA:234,5,0,0
BRDA:234,5,1,0
BRDA:239,6,0,0
BRDA:239,6,1,0
BRDA:241,7,0,0
BRDA:241,7,1,0
BRDA:252,8,0,0
BRDA:252,8,1,0
BRDA:257,9,0,0
BRDA:257,9,1,0
BRF:20
BRH:0
end_of_record
TN:
SF:components/ClientConnectMeetingScheduler.tsx
FN:45,(anonymous_9)
FN:76,(anonymous_10)
FN:77,(anonymous_11)
FN:78,(anonymous_12)
FN:80,(anonymous_13)
FN:80,(anonymous_14)
FN:91,(anonymous_15)
FN:104,(anonymous_16)
FN:104,(anonymous_17)
FN:114,(anonymous_18)
FN:126,(anonymous_19)
FN:129,(anonymous_20)
FN:130,(anonymous_21)
FN:137,(anonymous_22)
FN:138,(anonymous_23)
FN:197,(anonymous_24)
FN:212,(anonymous_25)
FN:223,(anonymous_26)
FN:233,(anonymous_27)
FN:243,(anonymous_28)
FN:253,(anonymous_29)
FN:264,(anonymous_30)
FN:274,(anonymous_31)
FN:292,(anonymous_32)
FN:313,(anonymous_33)
FN:336,(anonymous_34)
FN:344,(anonymous_35)
FN:367,(anonymous_36)
FN:379,(anonymous_37)
FN:390,(anonymous_38)
FN:401,(anonymous_39)
FN:412,(anonymous_40)
FN:429,(anonymous_41)
FN:448,(anonymous_42)
FN:461,(anonymous_43)
FN:472,(anonymous_44)
FN:483,(anonymous_45)
FNF:37
FNH:0
FNDA:0,(anonymous_9)
FNDA:0,(anonymous_10)
FNDA:0,(anonymous_11)
FNDA:0,(anonymous_12)
FNDA:0,(anonymous_13)
FNDA:0,(anonymous_14)
FNDA:0,(anonymous_15)
FNDA:0,(anonymous_16)
FNDA:0,(anonymous_17)
FNDA:0,(anonymous_18)
FNDA:0,(anonymous_19)
FNDA:0,(anonymous_20)
FNDA:0,(anonymous_21)
FNDA:0,(anonymous_22)
FNDA:0,(anonymous_23)
FNDA:0,(anonymous_24)
FNDA:0,(anonymous_25)
FNDA:0,(anonymous_26)
FNDA:0,(anonymous_27)
FNDA:0,(anonymous_28)
FNDA:0,(anonymous_29)
FNDA:0,(anonymous_30)
FNDA:0,(anonymous_31)
FNDA:0,(anonymous_32)
FNDA:0,(anonymous_33)
FNDA:0,(anonymous_34)
FNDA:0,(anonymous_35)
FNDA:0,(anonymous_36)
FNDA:0,(anonymous_37)
FNDA:0,(anonymous_38)
FNDA:0,(anonymous_39)
FNDA:0,(anonymous_40)
FNDA:0,(anonymous_41)
FNDA:0,(anonymous_42)
FNDA:0,(anonymous_43)
FNDA:0,(anonymous_44)
FNDA:0,(anonymous_45)
DA:1,0
DA:2,0
DA:3,0
DA:39,0
DA:45,0
DA:52,0
DA:53,0
DA:54,0
DA:55,0
DA:58,0
DA:69,0
DA:76,0
DA:77,0
DA:78,0
DA:79,0
DA:80,0
DA:82,0
DA:91,0
DA:92,0
DA:93,0
DA:94,0
DA:97,0
DA:104,0
DA:109,0
DA:110,0
DA:111,0
DA:114,0
DA:115,0
DA:116,0
DA:117,0
DA:120,0
DA:126,0
DA:129,0
DA:130,0
DA:137,0
DA:138,0
DA:150,0
DA:151,0
DA:152,0
DA:155,0
DA:197,0
DA:212,0
DA:223,0
DA:233,0
DA:243,0
DA:253,0
DA:264,0
DA:274,0
DA:292,0
DA:314,0
DA:337,0
DA:345,0
DA:346,0
DA:367,0
DA:379,0
DA:390,0
DA:401,0
DA:412,0
DA:429,0
DA:449,0
DA:462,0
DA:473,0
DA:484,0
LF:63
LH:0
BRDA:46,0,0,0
BRDA:47,1,0,0
BRDA:50,2,0,0
BRDA:77,3,0,0
BRDA:77,3,1,0
BRDA:92,4,0,0
BRDA:92,4,1,0
BRDA:92,5,0,0
BRDA:92,5,1,0
BRDA:92,5,2,0
BRDA:92,5,3,0
BRDA:115,6,0,0
BRDA:115,6,1,0
BRDA:115,7,0,0
BRDA:115,7,1,0
BRDA:200,8,0,0
BRDA:200,8,1,0
BRDA:203,9,0,0
BRDA:203,9,1,0
BRDA:309,10,0,0
BRDA:309,10,1,0
BRDA:331,11,0,0
BRDA:331,11,1,0
BRDA:360,12,0,0
BRDA:360,12,1,0
BRDA:360,12,2,0
BRDA:441,13,0,0
BRDA:441,13,1,0
BRDA:457,14,0,0
BRDA:457,14,1,0
BRDA:468,15,0,0
BRDA:468,15,1,0
BRDA:479,16,0,0
BRDA:479,16,1,0
BRF:34
BRH:0
end_of_record
TN:
SF:components/ComplianceFormModal.tsx
FN:17,(anonymous_9)
FN:36,(anonymous_10)
FN:82,(anonymous_11)
FN:88,(anonymous_12)
FN:89,(anonymous_13)
FN:94,(anonymous_14)
FN:95,(anonymous_15)
FN:103,(anonymous_16)
FN:107,(anonymous_17)
FN:114,(anonymous_18)
FN:118,(anonymous_19)
FN:125,(anonymous_20)
FN:134,(anonymous_21)
FN:140,(anonymous_22)
FN:146,(anonymous_23)
FN:150,(anonymous_24)
FN:158,(anonymous_25)
FN:168,(anonymous_26)
FN:174,(anonymous_27)
FNF:19
FNH:0
FNDA:0,(anonymous_9)
FNDA:0,(anonymous_10)
FNDA:0,(anonymous_11)
FNDA:0,(anonymous_12)
FNDA:0,(anonymous_13)
FNDA:0,(anonymous_14)
FNDA:0,(anonymous_15)
FNDA:0,(anonymous_16)
FNDA:0,(anonymous_17)
FNDA:0,(anonymous_18)
FNDA:0,(anonymous_19)
FNDA:0,(anonymous_20)
FNDA:0,(anonymous_21)
FNDA:0,(anonymous_22)
FNDA:0,(anonymous_23)
FNDA:0,(anonymous_24)
FNDA:0,(anonymous_25)
FNDA:0,(anonymous_26)
FNDA:0,(anonymous_27)
DA:2,0
DA:11,0
DA:12,0
DA:14,0
DA:15,0
DA:17,0
DA:18,0
DA:19,0
DA:20,0
DA:21,0
DA:22,0
DA:23,0
DA:24,0
DA:25,0
DA:26,0
DA:27,0
DA:28,0
DA:29,0
DA:30,0
DA:31,0
DA:32,0
DA:34,0
DA:36,0
DA:37,0
DA:38,0
DA:39,0
DA:40,0
DA:42,0
DA:61,0
DA:62,0
DA:63,0
DA:64,0
DA:65,0
DA:66,0
DA:67,0
DA:68,0
DA:71,0
DA:82,0
DA:88,0
DA:89,0
DA:94,0
DA:95,0
DA:103,0
DA:107,0
DA:114,0
DA:118,0
DA:125,0
DA:134,0
DA:140,0
DA:146,0
DA:150,0
DA:158,0
DA:168,0
DA:174,0
LF:54
LH:0
BRDA:34,0,0,0
BRDA:34,0,1,0
BRDA:52,1,0,0
BRDA:52,1,1,0
BRDA:53,2,0,0
BRDA:53,2,1,0
BRDA:54,3,0,0
BRDA:54,3,1,0
BRDA:55,4,0,0
BRDA:55,4,1,0
BRDA:57,5,0,0
BRDA:57,5,1,0
BRDA:58,6,0,0
BRDA:58,6,1,0
BRDA:146,7,0,0
BRDA:146,7,1,0
BRDA:165,8,0,0
BRDA:165,8,1,0
BRF:18
BRH:0
end_of_record
TN:
SF:components/ComplianceList.tsx
FN:12,(anonymous_9)
FN:15,(anonymous_10)
FN:16,(anonymous_11)
FN:22,(anonymous_12)
FN:24,(anonymous_13)
FN:25,(anonymous_14)
FN:26,(anonymous_15)
FN:33,(anonymous_16)
FN:120,(anonymous_17)
FN:139,(anonymous_18)
FN:191,(anonymous_19)
FN:197,(anonymous_20)
FN:203,(anonymous_21)
FNF:13
FNH:0
FNDA:0,(anonymous_9)
FNDA:0,(anonymous_10)
FNDA:0,(anonymous_11)
FNDA:0,(anonymous_12)
FNDA:0,(anonymous_13)
FNDA:0,(anonymous_14)
FNDA:0,(anonymous_15)
FNDA:0,(anonymous_16)
FNDA:0,(anonymous_17)
FNDA:0,(anonymous_18)
FNDA:0,(anonymous_19)
FNDA:0,(anonymous_20)
FNDA:0,(anonymous_21)
DA:2,0
DA:4,0
DA:10,0
DA:12,0
DA:13,0
DA:15,0
DA:16,0
DA:17,0
DA:22,0
DA:23,0
DA:24,0
DA:25,0
DA:26,0
DA:28,0
DA:30,0
DA:33,0
DA:34,0
DA:35,0
DA:36,0
DA:38,0
DA:39,0
DA:43,0
DA:120,0
DA:140,0
DA:141,0
DA:142,0
DA:191,0
DA:192,0
DA:197,0
DA:198,0
DA:203,0
DA:204,0
LF:32
LH:0
BRDA:17,0,0,0
BRDA:17,0,1,0
BRDA:26,1,0,0
BRDA:26,1,1,0
BRDA:28,2,0,0
BRDA:28,2,1,0
BRDA:34,3,0,0
BRDA:34,3,1,0
BRDA:34,3,2,0
BRDA:34,3,3,0
BRDA:34,3,4,0
BRDA:153,4,0,0
BRDA:153,4,1,0
BRDA:154,5,0,0
BRDA:154,5,1,0
BRDA:157,6,0,0
BRDA:157,6,1,0
BRDA:160,7,0,0
BRDA:160,7,1,0
BRDA:162,8,0,0
BRDA:162,8,1,0
BRDA:164,9,0,0
BRDA:164,9,1,0
BRDA:167,10,0,0
BRDA:167,10,1,0
BRDA:168,11,0,0
BRDA:168,11,1,0
BRDA:171,12,0,0
BRDA:171,12,1,0
BRDA:177,13,0,0
BRDA:177,13,1,0
BRF:31
BRH:0
end_of_record
TN:
SF:components/ContractFormModal.tsx
FN:20,(anonymous_9)
FN:32,(anonymous_10)
FN:54,(anonymous_11)
FN:81,(anonymous_12)
FN:89,(anonymous_13)
FN:97,(anonymous_14)
FN:103,(anonymous_15)
FN:119,(anonymous_16)
FN:121,(anonymous_17)
FN:127,(anonymous_18)
FN:129,(anonymous_19)
FN:160,(anonymous_20)
FN:166,(anonymous_21)
FN:168,(anonymous_22)
FN:173,(anonymous_23)
FN:184,(anonymous_24)
FN:200,(anonymous_25)
FN:207,(anonymous_26)
FN:221,(anonymous_27)
FN:234,(anonymous_28)
FNF:20
FNH:0
FNDA:0,(anonymous_9)
FNDA:0,(anonymous_10)
FNDA:0,(anonymous_11)
FNDA:0,(anonymous_12)
FNDA:0,(anonymous_13)
FNDA:0,(anonymous_14)
FNDA:0,(anonymous_15)
FNDA:0,(anonymous_16)
FNDA:0,(anonymous_17)
FNDA:0,(anonymous_18)
FNDA:0,(anonymous_19)
FNDA:0,(anonymous_20)
FNDA:0,(anonymous_21)
FNDA:0,(anonymous_22)
FNDA:0,(anonymous_23)
FNDA:0,(anonymous_24)
FNDA:0,(anonymous_25)
FNDA:0,(anonymous_26)
FNDA:0,(anonymous_27)
FNDA:0,(anonymous_28)
DA:2,0
DA:4,0
DA:17,0
DA:18,0
DA:20,0
DA:21,0
DA:23,0
DA:24,0
DA:25,0
DA:26,0
DA:27,0
DA:32,0
DA:33,0
DA:35,0
DA:36,0
DA:37,0
DA:39,0
DA:40,0
DA:43,0
DA:44,0
DA:45,0
DA:46,0
DA:47,0
DA:50,0
DA:54,0
DA:55,0
DA:57,0
DA:58,0
DA:59,0
DA:60,0
DA:63,0
DA:64,0
DA:66,0
DA:70,0
DA:71,0
DA:72,0
DA:73,0
DA:74,0
DA:77,0
DA:81,0
DA:82,0
DA:83,0
DA:84,0
DA:85,0
DA:89,0
DA:90,0
DA:91,0
DA:92,0
DA:93,0
DA:97,0
DA:98,0
DA:99,0
DA:100,0
DA:103,0
DA:104,0
DA:105,0
DA:106,0
DA:107,0
DA:108,0
DA:109,0
DA:111,0
DA:119,0
DA:120,0
DA:121,0
DA:125,0
DA:127,0
DA:128,0
DA:129,0
DA:130,0
DA:132,0
DA:143,0
DA:144,0
DA:145,0
DA:146,0
DA:149,0
DA:160,0
DA:166,0
DA:168,0
DA:173,0
DA:184,0
DA:201,0
DA:207,0
DA:221,0
DA:234,0
LF:84
LH:0
BRDA:33,0,0,0
BRDA:33,0,1,0
BRDA:43,1,0,0
BRDA:43,1,1,0
BRDA:55,2,0,0
BRDA:55,2,1,0
BRDA:63,3,0,0
BRDA:63,3,1,0
BRDA:70,4,0,0
BRDA:70,4,1,0
BRDA:82,5,0,0
BRDA:82,5,1,0
BRDA:82,6,0,0
BRDA:82,6,1,0
BRDA:90,7,0,0
BRDA:90,7,1,0
BRDA:98,8,0,0
BRDA:98,8,1,0
BRDA:98,9,0,0
BRDA:98,9,1,0
BRDA:104,10,0,0
BRDA:104,10,1,0
BRDA:106,11,0,0
BRDA:106,11,1,0
BRDA:120,12,0,0
BRDA:120,12,1,0
BRDA:125,13,0,0
BRDA:125,13,1,0
BRDA:130,14,0,0
BRDA:130,14,1,0
BRDA:130,15,0,0
BRDA:130,15,1,0
BRDA:130,15,2,0
BRDA:204,16,0,0
BRDA:204,16,1,0
BRDA:225,17,0,0
BRDA:225,17,1,0
BRDA:242,18,0,0
BRDA:242,18,1,0
BRDA:244,19,0,0
BRDA:244,19,1,0
BRDA:249,20,0,0
BRDA:249,20,1,0
BRF:43
BRH:0
end_of_record
TN:
SF:components/ContractList.tsx
FN:12,(anonymous_9)
FN:16,(anonymous_10)
FN:17,(anonymous_11)
FN:26,(anonymous_12)
FN:28,(anonymous_13)
FN:29,(anonymous_14)
FN:77,(anonymous_15)
FN:96,(anonymous_16)
FN:96,(anonymous_17)
FN:101,(anonymous_18)
FN:101,(anonymous_19)
FN:124,(anonymous_20)
FN:189,(anonymous_21)
FN:195,(anonymous_22)
FN:201,(anonymous_23)
FNF:15
FNH:0
FNDA:0,(anonymous_9)
FNDA:0,(anonymous_10)
FNDA:0,(anonymous_11)
FNDA:0,(anonymous_12)
FNDA:0,(anonymous_13)
FNDA:0,(anonymous_14)
FNDA:0,(anonymous_15)
FNDA:0,(anonymous_16)
FNDA:0,(anonymous_17)
FNDA:0,(anonymous_18)
FNDA:0,(anonymous_19)
FNDA:0,(anonymous_20)
FNDA:0,(anonymous_21)
FNDA:0,(anonymous_22)
FNDA:0,(anonymous_23)
DA:2,0
DA:4,0
DA:6,0
DA:12,0
DA:13,0
DA:14,0
DA:16,0
DA:17,0
DA:18,0
DA:21,0
DA:22,0
DA:26,0
DA:27,0
DA:28,0
DA:29,0
DA:30,0
DA:31,0
DA:33,0
DA:36,0
DA:77,0
DA:96,0
DA:101,0
DA:125,0
DA:126,0
DA:128,0
DA:131,0
DA:132,0
DA:133,0
DA:136,0
DA:189,0
DA:190,0
DA:195,0
DA:196,0
DA:201,0
DA:202,0
LF:35
LH:0
BRDA:18,0,0,0
BRDA:18,0,1,0
BRDA:18,0,2,0
BRDA:21,1,0,0
BRDA:21,1,1,0
BRDA:22,2,0,0
BRDA:22,2,1,0
BRDA:31,3,0,0
BRDA:31,3,1,0
BRDA:78,4,0,0
BRDA:78,4,1,0
BRDA:84,5,0,0
BRDA:84,5,1,0
BRDA:128,6,0,0
BRDA:128,6,1,0
BRDA:132,7,0,0
BRDA:132,7,1,0
BRDA:132,8,0,0
BRDA:132,8,1,0
BRDA:153,9,0,0
BRDA:153,9,1,0
BRDA:154,10,0,0
BRDA:154,10,1,0
BRDA:155,11,0,0
BRDA:155,11,1,0
BRDA:158,12,0,0
BRDA:158,12,1,0
BRDA:163,13,0,0
BRDA:163,13,1,0
BRDA:164,14,0,0
BRDA:164,14,1,0
BRDA:173,15,0,0
BRDA:173,15,1,0
BRF:33
BRH:0
end_of_record
TN:
SF:components/DailyTaskUploader.tsx
FN:15,(anonymous_9)
FN:16,(anonymous_10)
FN:22,(anonymous_11)
FN:33,(anonymous_12)
FN:47,(anonymous_13)
FN:51,(anonymous_14)
FN:53,(anonymous_15)
FN:64,(anonymous_16)
FN:67,(anonymous_17)
FNF:9
FNH:0
FNDA:0,(anonymous_9)
FNDA:0,(anonymous_10)
FNDA:0,(anonymous_11)
FNDA:0,(anonymous_12)
FNDA:0,(anonymous_13)
FNDA:0,(anonymous_14)
FNDA:0,(anonymous_15)
FNDA:0,(anonymous_16)
FNDA:0,(anonymous_17)
DA:1,0
DA:3,0
DA:4,0
DA:11,0
DA:12,0
DA:13,0
DA:15,0
DA:16,0
DA:17,0
DA:18,0
DA:19,0
DA:20,0
DA:22,0
DA:23,0
DA:24,0
DA:25,0
DA:26,0
DA:28,0
DA:30,0
DA:31,0
DA:33,0
DA:34,0
DA:35,0
DA:44,0
DA:47,0
DA:48,0
DA:49,0
DA:51,0
DA:53,0
DA:54,0
DA:55,0
DA:56,0
DA:57,0
DA:58,0
DA:59,0
DA:60,0
DA:61,0
DA:62,0
DA:64,0
DA:65,0
DA:67,0
DA:68,0
DA:69,0
DA:70,0
DA:71,0
DA:73,0
DA:74,0
DA:75,0
DA:76,0
DA:77,0
DA:78,0
DA:79,0
DA:80,0
DA:82,0
DA:92,0
DA:93,0
DA:96,0
DA:98,0
DA:99,0
DA:103,0
DA:120,0
LF:61
LH:0
BRDA:15,0,0,0
BRDA:15,0,1,0
BRDA:17,1,0,0
BRDA:17,1,1,0
BRDA:18,2,0,0
BRDA:18,2,1,0
BRDA:19,3,0,0
BRDA:19,3,1,0
BRDA:23,4,0,0
BRDA:23,4,1,0
BRDA:24,5,0,0
BRDA:24,5,1,0
BRDA:26,6,0,0
BRDA:26,6,1,0
BRDA:28,7,0,0
BRDA:28,7,1,0
BRDA:28,8,0,0
BRDA:28,8,1,0
BRDA:31,9,0,0
BRDA:31,9,1,0
BRDA:34,10,0,0
BRDA:34,10,1,0
BRDA:55,11,0,0
BRDA:55,11,1,0
BRDA:69,12,0,0
BRDA:69,12,1,0
BRDA:73,13,0,0
BRDA:73,13,1,0
BRDA:73,13,2,0
BRDA:74,14,0,0
BRDA:74,14,1,0
BRDA:75,15,0,0
BRDA:75,15,1,0
BRDA:75,15,2,0
BRDA:78,16,0,0
BRDA:78,16,1,0
BRDA:79,17,0,0
BRDA:79,17,1,0
BRDA:80,18,0,0
BRDA:80,18,1,0
BRDA:92,19,0,0
BRDA:92,19,1,0
BRDA:99,20,0,0
BRDA:99,20,1,0
BRDA:113,21,0,0
BRDA:113,21,1,0
BRF:46
BRH:0
end_of_record
TN:
SF:components/Dashboard.tsx
FN:17,(anonymous_9)
FN:19,(anonymous_10)
FN:20,(anonymous_11)
FN:25,(anonymous_12)
FN:27,(anonymous_13)
FN:30,(anonymous_14)
FN:31,(anonymous_15)
FN:37,(anonymous_16)
FN:38,(anonymous_17)
FN:42,(anonymous_18)
FN:43,(anonymous_19)
FN:48,(anonymous_20)
FN:49,(anonymous_21)
FN:50,(anonymous_22)
FN:67,(anonymous_23)
FN:77,(anonymous_24)
FN:87,(anonymous_25)
FN:97,(anonymous_26)
FN:98,(anonymous_27)
FN:99,(anonymous_28)
FN:100,(anonymous_29)
FN:101,(anonymous_30)
FN:113,(anonymous_31)
FN:140,(anonymous_32)
FN:143,(anonymous_33)
FN:160,(anonymous_34)
FN:166,(anonymous_35)
FN:172,(anonymous_36)
FN:190,(anonymous_37)
FN:209,(anonymous_38)
FNF:30
FNH:16
FNDA:3,(anonymous_9)
FNDA:3,(anonymous_10)
FNDA:3,(anonymous_11)
FNDA:0,(anonymous_12)
FNDA:3,(anonymous_13)
FNDA:3,(anonymous_14)
FNDA:3,(anonymous_15)
FNDA:3,(anonymous_16)
FNDA:0,(anonymous_17)
FNDA:3,(anonymous_18)
FNDA:3,(anonymous_19)
FNDA:3,(anonymous_20)
FNDA:0,(anonymous_21)
FNDA:0,(anonymous_22)
FNDA:0,(anonymous_23)
FNDA:0,(anonymous_24)
FNDA:0,(anonymous_25)
FNDA:0,(anonymous_26)
FNDA:0,(anonymous_27)
FNDA:0,(anonymous_28)
FNDA:0,(anonymous_29)
FNDA:0,(anonymous_30)
FNDA:0,(anonymous_31)
FNDA:0,(anonymous_32)
FNDA:3,(anonymous_33)
FNDA:3,(anonymous_34)
FNDA:3,(anonymous_35)
FNDA:3,(anonymous_36)
FNDA:9,(anonymous_37)
FNDA:15,(anonymous_38)
DA:2,1
DA:3,1
DA:4,1
DA:5,1
DA:15,1
DA:17,1
DA:19,3
DA:20,3
DA:21,3
DA:22,3
DA:24,3
DA:25,0
DA:27,3
DA:30,3
DA:31,3
DA:32,3
DA:33,3
DA:35,3
DA:36,3
DA:37,3
DA:38,0
DA:42,3
DA:43,3
DA:44,3
DA:48,3
DA:49,3
DA:50,3
DA:51,3
DA:52,3
DA:53,3
DA:56,3
DA:67,0
DA:77,0
DA:87,0
DA:97,0
DA:98,0
DA:99,0
DA:100,0
DA:101,0
DA:113,0
DA:140,0
DA:144,3
DA:160,1
DA:161,3
DA:166,1
DA:167,3
DA:172,1
DA:173,3
DA:190,1
DA:191,9
DA:209,1
DA:210,15
LF:52
LH:40
BRDA:21,0,0,3
BRDA:21,0,1,3
BRDA:32,1,0,3
BRDA:32,1,1,3
BRDA:50,2,0,0
BRDA:50,2,1,0
BRDA:52,3,0,0
BRDA:52,3,1,3
BRDA:75,4,0,0
BRDA:75,4,1,3
BRDA:190,5,0,0
BRDA:190,6,0,0
BRDA:192,7,0,9
BRDA:192,7,1,0
BRDA:198,8,0,9
BRDA:198,8,1,9
BRF:16
BRH:9
end_of_record
TN:
SF:components/ESGDashboard.tsx
FN:11,(anonymous_9)
FN:13,(anonymous_10)
FN:14,(anonymous_11)
FN:149,(anonymous_12)
FN:155,(anonymous_13)
FN:161,(anonymous_14)
FNF:6
FNH:0
FNDA:0,(anonymous_9)
FNDA:0,(anonymous_10)
FNDA:0,(anonymous_11)
FNDA:0,(anonymous_12)
FNDA:0,(anonymous_13)
FNDA:0,(anonymous_14)
DA:2,0
DA:4,0
DA:5,0
DA:11,0
DA:13,0
DA:14,0
DA:15,0
DA:16,0
DA:17,0
DA:18,0
DA:19,0
DA:23,0
DA:149,0
DA:150,0
DA:155,0
DA:156,0
DA:161,0
DA:162,0
LF:18
LH:0
BRF:0
BRH:0
end_of_record
TN:
SF:components/EscalationTimeline.tsx
FN:21,(anonymous_9)
FN:40,(anonymous_10)
FN:41,(anonymous_11)
FN:129,(anonymous_12)
FN:138,(anonymous_13)
FN:145,(anonymous_14)
FN:146,(anonymous_15)
FN:203,(anonymous_16)
FN:224,(anonymous_17)
FN:226,(anonymous_18)
FNF:10
FNH:0
FNDA:0,(anonymous_9)
FNDA:0,(anonymous_10)
FNDA:0,(anonymous_11)
FNDA:0,(anonymous_12)
FNDA:0,(anonymous_13)
FNDA:0,(anonymous_14)
FNDA:0,(anonymous_15)
FNDA:0,(anonymous_16)
FNDA:0,(anonymous_17)
FNDA:0,(anonymous_18)
DA:1,0
DA:21,0
DA:22,0
DA:23,0
DA:25,0
DA:28,0
DA:29,0
DA:40,0
DA:41,0
DA:42,0
DA:43,0
DA:46,0
DA:56,0
DA:59,0
DA:110,0
DA:111,0
DA:112,0
DA:114,0
DA:115,0
DA:119,0
DA:120,0
DA:127,0
DA:129,0
DA:130,0
DA:131,0
DA:132,0
DA:133,0
DA:134,0
DA:135,0
DA:138,0
DA:139,0
DA:140,0
DA:141,0
DA:142,0
DA:145,0
DA:146,0
DA:147,0
DA:148,0
DA:149,0
DA:150,0
DA:153,0
DA:154,0
DA:155,0
DA:157,0
DA:158,0
DA:167,0
DA:168,0
DA:181,0
DA:203,0
DA:225,0
DA:226,0
DA:227,0
DA:228,0
DA:230,0
LF:54
LH:0
BRDA:25,0,0,0
BRDA:25,0,1,0
BRDA:28,1,0,0
BRDA:28,1,1,0
BRDA:65,2,0,0
BRDA:65,2,1,0
BRDA:65,2,2,0
BRDA:73,3,0,0
BRDA:73,3,1,0
BRDA:81,4,0,0
BRDA:81,4,1,0
BRDA:89,5,0,0
BRDA:89,5,1,0
BRDA:97,6,0,0
BRDA:97,6,1,0
BRDA:105,7,0,0
BRDA:105,7,1,0
BRDA:119,8,0,0
BRDA:119,8,1,0
BRDA:127,9,0,0
BRDA:127,9,1,0
BRDA:131,10,0,0
BRDA:131,10,1,0
BRDA:131,10,2,0
BRDA:132,11,0,0
BRDA:132,11,1,0
BRDA:140,12,0,0
BRDA:140,12,1,0
BRDA:147,13,0,0
BRDA:147,13,1,0
BRDA:147,14,0,0
BRDA:147,14,1,0
BRDA:157,15,0,0
BRDA:157,15,1,0
BRDA:167,16,0,0
BRDA:167,16,1,0
BRDA:190,17,0,0
BRDA:190,17,1,0
BRDA:190,18,0,0
BRDA:190,18,1,0
BRDA:234,19,0,0
BRDA:234,19,1,0
BRDA:236,20,0,0
BRDA:236,20,1,0
BRDA:243,21,0,0
BRDA:243,21,1,0
BRDA:245,22,0,0
BRDA:245,22,1,0
BRDA:256,23,0,0
BRDA:256,23,1,0
BRDA:257,24,0,0
BRDA:257,24,1,0
BRDA:258,25,0,0
BRDA:258,25,1,0
BRDA:282,26,0,0
BRDA:282,26,1,0
BRDA:298,27,0,0
BRDA:298,27,1,0
BRDA:305,28,0,0
BRDA:305,28,1,0
BRDA:315,29,0,0
BRDA:315,29,1,0
BRDA:318,30,0,0
BRDA:318,30,1,0
BRDA:318,31,0,0
BRDA:318,31,1,0
BRF:66
BRH:0
end_of_record
TN:
SF:components/EscalationTimelineView.tsx
FN:11,(anonymous_9)
FN:13,(anonymous_10)
FN:14,(anonymous_11)
FN:18,(anonymous_12)
FN:19,(anonymous_13)
FN:34,(anonymous_14)
FN:70,(anonymous_15)
FN:73,(anonymous_16)
FN:74,(anonymous_17)
FN:75,(anonymous_18)
FN:79,(anonymous_19)
FN:90,(anonymous_20)
FN:101,(anonymous_21)
FN:137,(anonymous_22)
FN:153,(anonymous_23)
FNF:15
FNH:0
FNDA:0,(anonymous_9)
FNDA:0,(anonymous_10)
FNDA:0,(anonymous_11)
FNDA:0,(anonymous_12)
FNDA:0,(anonymous_13)
FNDA:0,(anonymous_14)
FNDA:0,(anonymous_15)
FNDA:0,(anonymous_16)
FNDA:0,(anonymous_17)
FNDA:0,(anonymous_18)
FNDA:0,(anonymous_19)
FNDA:0,(anonymous_20)
FNDA:0,(anonymous_21)
FNDA:0,(anonymous_22)
FNDA:0,(anonymous_23)
DA:1,0
DA:3,0
DA:4,0
DA:5,0
DA:11,0
DA:13,0
DA:14,0
DA:18,0
DA:19,0
DA:20,0
DA:21,0
DA:22,0
DA:23,0
DA:26,0
DA:27,0
DA:28,0
DA:29,0
DA:30,0
DA:31,0
DA:34,0
DA:35,0
DA:36,0
DA:39,0
DA:40,0
DA:43,0
DA:44,0
DA:45,0
DA:48,0
DA:49,0
DA:50,0
DA:51,0
DA:53,0
DA:70,0
DA:71,0
DA:73,0
DA:74,0
DA:75,0
DA:79,0
DA:80,0
DA:82,0
DA:84,0
DA:86,0
DA:90,0
DA:91,0
DA:93,0
DA:95,0
DA:97,0
DA:101,0
DA:102,0
DA:103,0
DA:104,0
DA:105,0
DA:108,0
DA:138,0
DA:154,0
LF:55
LH:0
BRDA:14,0,0,0
BRDA:14,0,1,0
BRDA:27,1,0,0
BRDA:27,1,1,0
BRDA:28,2,0,0
BRDA:28,2,1,0
BRDA:29,3,0,0
BRDA:29,3,1,0
BRDA:30,4,0,0
BRDA:30,4,1,0
BRDA:31,5,0,0
BRDA:31,5,1,0
BRDA:35,6,0,0
BRDA:35,6,1,0
BRDA:36,7,0,0
BRDA:36,7,1,0
BRDA:44,8,0,0
BRDA:44,8,1,0
BRDA:45,9,0,0
BRDA:45,9,1,0
BRDA:50,10,0,0
BRDA:50,10,1,0
BRDA:80,11,0,0
BRDA:80,11,1,0
BRDA:80,11,2,0
BRDA:91,12,0,0
BRDA:91,12,1,0
BRDA:91,12,2,0
BRDA:102,13,0,0
BRDA:102,13,1,0
BRDA:150,14,0,0
BRDA:150,14,1,0
BRDA:166,15,0,0
BRDA:166,15,1,0
BRDA:167,16,0,0
BRDA:167,16,1,0
BRDA:194,17,0,0
BRDA:194,17,1,0
BRDA:195,18,0,0
BRDA:195,18,1,0
BRF:40
BRH:0
end_of_record
TN:
SF:components/FRSChecklist.tsx
FN:8,(anonymous_9)
FN:17,(anonymous_10)
FN:38,(anonymous_11)
FN:39,(anonymous_12)
FN:40,(anonymous_13)
FN:56,(anonymous_14)
FN:57,(anonymous_15)
FN:65,(anonymous_16)
FN:68,(anonymous_17)
FN:69,(anonymous_18)
FN:71,(anonymous_19)
FN:77,(anonymous_20)
FN:91,(anonymous_21)
FN:92,(anonymous_22)
FN:100,(anonymous_23)
FN:101,(anonymous_24)
FN:106,(anonymous_25)
FN:110,(anonymous_26)
FN:111,(anonymous_27)
FN:112,(anonymous_28)
FN:114,(anonymous_29)
FN:118,(anonymous_30)
FN:132,(anonymous_31)
FN:139,(anonymous_32)
FN:140,(anonymous_33)
FN:140,(anonymous_34)
FN:142,(anonymous_35)
FN:146,(anonymous_36)
FN:147,(anonymous_37)
FN:147,(anonymous_38)
FN:147,(anonymous_39)
FN:185,(anonymous_40)
FN:192,(anonymous_41)
FNF:33
FNH:0
FNDA:0,(anonymous_9)
FNDA:0,(anonymous_10)
FNDA:0,(anonymous_11)
FNDA:0,(anonymous_12)
FNDA:0,(anonymous_13)
FNDA:0,(anonymous_14)
FNDA:0,(anonymous_15)
FNDA:0,(anonymous_16)
FNDA:0,(anonymous_17)
FNDA:0,(anonymous_18)
FNDA:0,(anonymous_19)
FNDA:0,(anonymous_20)
FNDA:0,(anonymous_21)
FNDA:0,(anonymous_22)
FNDA:0,(anonymous_23)
FNDA:0,(anonymous_24)
FNDA:0,(anonymous_25)
FNDA:0,(anonymous_26)
FNDA:0,(anonymous_27)
FNDA:0,(anonymous_28)
FNDA:0,(anonymous_29)
FNDA:0,(anonymous_30)
FNDA:0,(anonymous_31)
FNDA:0,(anonymous_32)
FNDA:0,(anonymous_33)
FNDA:0,(anonymous_34)
FNDA:0,(anonymous_35)
FNDA:0,(anonymous_36)
FNDA:0,(anonymous_37)
FNDA:0,(anonymous_38)
FNDA:0,(anonymous_39)
FNDA:0,(anonymous_40)
FNDA:0,(anonymous_41)
DA:2,0
DA:3,0
DA:5,0
DA:8,0
DA:9,0
DA:17,0
DA:18,0
DA:38,0
DA:39,0
DA:40,0
DA:41,0
DA:44,0
DA:57,0
DA:65,0
DA:66,0
DA:68,0
DA:69,0
DA:70,0
DA:71,0
DA:72,0
DA:75,0
DA:77,0
DA:92,0
DA:100,0
DA:101,0
DA:102,0
DA:103,0
DA:106,0
DA:107,0
DA:110,0
DA:111,0
DA:112,0
DA:115,0
DA:116,0
DA:119,0
DA:120,0
DA:122,0
DA:126,0
DA:132,0
DA:133,0
DA:134,0
DA:135,0
DA:139,0
DA:140,0
DA:141,0
DA:142,0
DA:143,0
DA:146,0
DA:147,0
DA:150,0
DA:186,0
DA:192,0
DA:193,0
LF:53
LH:0
BRDA:18,0,0,0
BRDA:18,0,1,0
BRDA:18,1,0,0
BRDA:18,1,1,0
BRDA:26,2,0,0
BRDA:26,2,1,0
BRDA:29,3,0,0
BRDA:29,3,1,0
BRDA:29,3,2,0
BRDA:41,4,0,0
BRDA:41,4,1,0
BRDA:70,5,0,0
BRDA:70,5,1,0
BRDA:82,6,0,0
BRDA:82,6,1,0
BRDA:89,7,0,0
BRDA:89,7,1,0
BRDA:103,8,0,0
BRDA:103,8,1,0
BRDA:115,9,0,0
BRDA:115,9,1,0
BRDA:119,10,0,0
BRDA:119,10,1,0
BRDA:133,11,0,0
BRDA:133,11,1,0
BRDA:141,12,0,0
BRDA:141,12,1,0
BRDA:147,13,0,0
BRDA:147,13,1,0
BRF:29
BRH:0
end_of_record
TN:
SF:components/FeedbackDashboard.tsx
FN:14,(anonymous_9)
FN:18,(anonymous_10)
FN:20,(anonymous_11)
FN:21,(anonymous_12)
FN:22,(anonymous_13)
FN:29,(anonymous_14)
FN:39,(anonymous_15)
FN:50,(anonymous_16)
FN:64,(anonymous_17)
FN:66,(anonymous_18)
FN:70,(anonymous_19)
FN:77,(anonymous_20)
FN:87,(anonymous_21)
FN:93,(anonymous_22)
FN:137,(anonymous_23)
FN:171,(anonymous_24)
FN:214,(anonymous_25)
FN:226,(anonymous_26)
FNF:18
FNH:0
FNDA:0,(anonymous_9)
FNDA:0,(anonymous_10)
FNDA:0,(anonymous_11)
FNDA:0,(anonymous_12)
FNDA:0,(anonymous_13)
FNDA:0,(anonymous_14)
FNDA:0,(anonymous_15)
FNDA:0,(anonymous_16)
FNDA:0,(anonymous_17)
FNDA:0,(anonymous_18)
FNDA:0,(anonymous_19)
FNDA:0,(anonymous_20)
FNDA:0,(anonymous_21)
FNDA:0,(anonymous_22)
FNDA:0,(anonymous_23)
FNDA:0,(anonymous_24)
FNDA:0,(anonymous_25)
FNDA:0,(anonymous_26)
DA:1,0
DA:3,0
DA:4,0
DA:11,0
DA:12,0
DA:14,0
DA:15,0
DA:18,0
DA:19,0
DA:20,0
DA:21,0
DA:22,0
DA:24,0
DA:26,0
DA:29,0
DA:39,0
DA:40,0
DA:41,0
DA:43,0
DA:44,0
DA:45,0
DA:47,0
DA:50,0
DA:56,0
DA:64,0
DA:65,0
DA:66,0
DA:67,0
DA:69,0
DA:70,0
DA:71,0
DA:74,0
DA:77,0
DA:82,0
DA:87,0
DA:93,0
DA:138,0
DA:172,0
DA:215,0
DA:227,0
LF:40
LH:0
BRDA:21,0,0,0
BRDA:21,0,1,0
BRDA:24,1,0,0
BRDA:24,1,1,0
BRDA:41,2,0,0
BRDA:41,2,1,0
BRDA:44,3,0,0
BRDA:44,3,1,0
BRDA:45,4,0,0
BRDA:45,4,1,0
BRDA:67,5,0,0
BRDA:67,5,1,0
BRDA:71,6,0,0
BRDA:71,6,1,0
BRDA:71,7,0,0
BRDA:71,7,1,0
BRDA:88,8,0,0
BRDA:88,8,1,0
BRDA:94,9,0,0
BRDA:94,9,1,0
BRDA:100,10,0,0
BRDA:100,10,1,0
BRDA:176,11,0,0
BRDA:176,11,1,0
BRDA:177,12,0,0
BRDA:177,12,1,0
BRDA:191,13,0,0
BRDA:191,13,1,0
BRF:28
BRH:0
end_of_record
TN:
SF:components/Header.tsx
FN:13,(anonymous_1)
FN:41,(anonymous_2)
FN:47,(anonymous_3)
FNF:3
FNH:0
FNDA:0,(anonymous_1)
FNDA:0,(anonymous_2)
FNDA:0,(anonymous_3)
DA:2,0
DA:13,0
DA:14,0
DA:41,0
DA:42,0
DA:47,0
DA:48,0
LF:7
LH:0
BRDA:18,0,0,0
BRDA:18,0,1,0
BRDA:18,0,2,0
BRF:3
BRH:0
end_of_record
TN:
SF:components/HelpDeskDashboard.tsx
FN:12,HelpDeskDashboard
FN:14,(anonymous_10)
FN:16,(anonymous_11)
FN:17,(anonymous_12)
FN:18,(anonymous_13)
FN:19,(anonymous_14)
FN:33,(anonymous_15)
FN:36,(anonymous_16)
FN:38,(anonymous_17)
FN:42,(anonymous_18)
FN:49,(anonymous_19)
FN:51,(anonymous_20)
FN:53,(anonymous_21)
FN:58,(anonymous_22)
FN:60,(anonymous_23)
FN:64,(anonymous_24)
FN:66,(anonymous_25)
FN:70,(anonymous_26)
FN:74,(anonymous_27)
FN:78,(anonymous_28)
FN:82,(anonymous_29)
FN:84,(anonymous_30)
FN:85,(anonymous_31)
FN:87,(anonymous_32)
FN:154,(anonymous_33)
FN:229,(anonymous_34)
FN:234,(anonymous_35)
FN:308,(anonymous_36)
FNF:28
FNH:0
FNDA:0,HelpDeskDashboard
FNDA:0,(anonymous_10)
FNDA:0,(anonymous_11)
FNDA:0,(anonymous_12)
FNDA:0,(anonymous_13)
FNDA:0,(anonymous_14)
FNDA:0,(anonymous_15)
FNDA:0,(anonymous_16)
FNDA:0,(anonymous_17)
FNDA:0,(anonymous_18)
FNDA:0,(anonymous_19)
FNDA:0,(anonymous_20)
FNDA:0,(anonymous_21)
FNDA:0,(anonymous_22)
FNDA:0,(anonymous_23)
FNDA:0,(anonymous_24)
FNDA:0,(anonymous_25)
FNDA:0,(anonymous_26)
FNDA:0,(anonymous_27)
FNDA:0,(anonymous_28)
FNDA:0,(anonymous_29)
FNDA:0,(anonymous_30)
FNDA:0,(anonymous_31)
FNDA:0,(anonymous_32)
FNDA:0,(anonymous_33)
FNDA:0,(anonymous_34)
FNDA:0,(anonymous_35)
FNDA:0,(anonymous_36)
DA:1,0
DA:2,0
DA:3,0
DA:4,0
DA:5,0
DA:12,0
DA:14,0
DA:15,0
DA:16,0
DA:17,0
DA:18,0
DA:19,0
DA:21,0
DA:33,0
DA:36,0
DA:37,0
DA:38,0
DA:39,0
DA:40,0
DA:42,0
DA:49,0
DA:50,0
DA:51,0
DA:53,0
DA:58,0
DA:59,0
DA:60,0
DA:61,0
DA:63,0
DA:64,0
DA:66,0
DA:70,0
DA:71,0
DA:74,0
DA:75,0
DA:76,0
DA:78,0
DA:82,0
DA:83,0
DA:84,0
DA:85,0
DA:86,0
DA:87,0
DA:89,0
DA:97,0
DA:99,0
DA:155,0
DA:156,0
DA:229,0
DA:235,0
DA:309,0
DA:310,0
DA:311,0
LF:53
LH:0
BRDA:27,0,0,0
BRDA:27,0,1,0
BRDA:28,1,0,0
BRDA:28,1,1,0
BRDA:39,2,0,0
BRDA:39,2,1,0
BRDA:40,3,0,0
BRDA:40,3,1,0
BRDA:61,4,0,0
BRDA:61,4,1,0
BRDA:61,5,0,0
BRDA:61,5,1,0
BRDA:61,6,0,0
BRDA:61,6,1,0
BRDA:75,7,0,0
BRDA:75,7,1,0
BRDA:76,8,0,0
BRDA:76,8,1,0
BRDA:86,9,0,0
BRDA:86,9,1,0
BRDA:87,10,0,0
BRDA:87,10,1,0
BRDA:160,11,0,0
BRDA:160,11,1,0
BRDA:162,12,0,0
BRDA:162,12,1,0
BRDA:170,13,0,0
BRDA:170,13,1,0
BRDA:315,14,0,0
BRDA:315,14,1,0
BRDA:322,15,0,0
BRDA:322,15,1,0
BRF:32
BRH:0
end_of_record
TN:
SF:components/HelpDeskFormModal.tsx
FN:16,HelpDeskFormModal
FN:41,(anonymous_10)
FN:42,(anonymous_11)
FN:46,(anonymous_12)
FN:47,(anonymous_13)
FN:52,(anonymous_14)
FN:59,(anonymous_15)
FN:63,(anonymous_16)
FN:66,(anonymous_17)
FN:70,(anonymous_18)
FN:71,(anonymous_19)
FN:72,(anonymous_20)
FN:73,(anonymous_21)
FN:76,(anonymous_22)
FN:81,(anonymous_23)
FN:86,(anonymous_24)
FN:93,(anonymous_25)
FN:94,(anonymous_26)
FN:94,(anonymous_27)
FN:96,(anonymous_28)
FN:96,(anonymous_29)
FN:100,(anonymous_30)
FN:101,(anonymous_31)
FN:104,(anonymous_32)
FN:113,(anonymous_33)
FN:115,(anonymous_34)
FN:117,(anonymous_35)
FN:118,(anonymous_36)
FN:122,(anonymous_37)
FN:125,(anonymous_38)
FN:131,(anonymous_39)
FN:135,(anonymous_40)
FN:137,(anonymous_41)
FN:138,(anonymous_42)
FN:143,(anonymous_43)
FN:145,(anonymous_44)
FN:151,(anonymous_45)
FN:152,(anonymous_46)
FN:161,(anonymous_47)
FN:162,(anonymous_48)
FN:170,(anonymous_49)
FN:287,(anonymous_50)
FN:307,(anonymous_51)
FN:327,(anonymous_52)
FN:364,(anonymous_53)
FN:411,(anonymous_54)
FN:419,(anonymous_55)
FN:427,(anonymous_56)
FN:435,(anonymous_57)
FN:443,(anonymous_58)
FN:448,(anonymous_59)
FNF:51
FNH:0
FNDA:0,HelpDeskFormModal
FNDA:0,(anonymous_10)
FNDA:0,(anonymous_11)
FNDA:0,(anonymous_12)
FNDA:0,(anonymous_13)
FNDA:0,(anonymous_14)
FNDA:0,(anonymous_15)
FNDA:0,(anonymous_16)
FNDA:0,(anonymous_17)
FNDA:0,(anonymous_18)
FNDA:0,(anonymous_19)
FNDA:0,(anonymous_20)
FNDA:0,(anonymous_21)
FNDA:0,(anonymous_22)
FNDA:0,(anonymous_23)
FNDA:0,(anonymous_24)
FNDA:0,(anonymous_25)
FNDA:0,(anonymous_26)
FNDA:0,(anonymous_27)
FNDA:0,(anonymous_28)
FNDA:0,(anonymous_29)
FNDA:0,(anonymous_30)
FNDA:0,(anonymous_31)
FNDA:0,(anonymous_32)
FNDA:0,(anonymous_33)
FNDA:0,(anonymous_34)
FNDA:0,(anonymous_35)
FNDA:0,(anonymous_36)
FNDA:0,(anonymous_37)
FNDA:0,(anonymous_38)
FNDA:0,(anonymous_39)
FNDA:0,(anonymous_40)
FNDA:0,(anonymous_41)
FNDA:0,(anonymous_42)
FNDA:0,(anonymous_43)
FNDA:0,(anonymous_44)
FNDA:0,(anonymous_45)
FNDA:0,(anonymous_46)
FNDA:0,(anonymous_47)
FNDA:0,(anonymous_48)
FNDA:0,(anonymous_49)
FNDA:0,(anonymous_50)
FNDA:0,(anonymous_51)
FNDA:0,(anonymous_52)
FNDA:0,(anonymous_53)
FNDA:0,(anonymous_54)
FNDA:0,(anonymous_55)
FNDA:0,(anonymous_56)
FNDA:0,(anonymous_57)
FNDA:0,(anonymous_58)
FNDA:0,(anonymous_59)
DA:1,0
DA:2,0
DA:4,0
DA:5,0
DA:6,0
DA:8,0
DA:16,0
DA:17,0
DA:30,0
DA:31,0
DA:32,0
DA:35,0
DA:36,0
DA:37,0
DA:38,0
DA:41,0
DA:42,0
DA:46,0
DA:47,0
DA:52,0
DA:53,0
DA:54,0
DA:60,0
DA:61,0
DA:64,0
DA:66,0
DA:70,0
DA:71,0
DA:72,0
DA:73,0
DA:75,0
DA:76,0
DA:80,0
DA:81,0
DA:85,0
DA:86,0
DA:93,0
DA:94,0
DA:95,0
DA:96,0
DA:100,0
DA:101,0
DA:104,0
DA:105,0
DA:106,0
DA:107,0
DA:108,0
DA:111,0
DA:112,0
DA:114,0
DA:115,0
DA:117,0
DA:118,0
DA:122,0
DA:123,0
DA:124,0
DA:125,0
DA:126,0
DA:129,0
DA:130,0
DA:133,0
DA:134,0
DA:135,0
DA:137,0
DA:138,0
DA:141,0
DA:143,0
DA:144,0
DA:145,0
DA:151,0
DA:152,0
DA:161,0
DA:162,0
DA:170,0
DA:171,0
DA:172,0
DA:173,0
DA:176,0
DA:206,0
DA:207,0
DA:219,0
DA:220,0
DA:221,0
DA:224,0
DA:226,0
DA:288,0
DA:308,0
DA:328,0
DA:365,0
DA:412,0
DA:413,0
DA:414,0
DA:420,0
DA:428,0
DA:429,0
DA:436,0
DA:443,0
DA:449,0
LF:98
LH:0
BRDA:42,0,0,0
BRDA:42,0,1,0
BRDA:47,1,0,0
BRDA:47,1,1,0
BRDA:56,2,0,0
BRDA:56,2,1,0
BRDA:60,3,0,0
BRDA:60,3,1,0
BRDA:64,4,0,0
BRDA:64,4,1,0
BRDA:75,5,0,0
BRDA:75,5,1,0
BRDA:75,6,0,0
BRDA:75,6,1,0
BRDA:75,6,2,0
BRDA:80,7,0,0
BRDA:80,7,1,0
BRDA:80,8,0,0
BRDA:80,8,1,0
BRDA:85,9,0,0
BRDA:85,9,1,0
BRDA:96,10,0,0
BRDA:96,10,1,0
BRDA:105,11,0,0
BRDA:105,11,1,0
BRDA:105,12,0,0
BRDA:105,12,1,0
BRDA:123,13,0,0
BRDA:123,13,1,0
BRDA:123,14,0,0
BRDA:123,14,1,0
BRDA:123,14,2,0
BRDA:141,15,0,0
BRDA:141,15,1,0
BRDA:171,16,0,0
BRDA:171,16,1,0
BRDA:171,17,0,0
BRDA:171,17,1,0
BRDA:171,17,2,0
BRDA:171,17,3,0
BRDA:171,17,4,0
BRDA:171,17,5,0
BRDA:171,17,6,0
BRDA:184,18,0,0
BRDA:184,18,1,0
BRDA:185,19,0,0
BRDA:185,19,1,0
BRDA:186,20,0,0
BRDA:186,20,1,0
BRDA:224,21,0,0
BRDA:224,21,1,0
BRDA:224,21,2,0
BRDA:224,21,3,0
BRDA:224,21,4,0
BRDA:224,21,5,0
BRDA:224,21,6,0
BRDA:323,22,0,0
BRDA:323,22,1,0
BRDA:326,23,0,0
BRDA:326,23,1,0
BRDA:360,24,0,0
BRDA:360,24,1,0
BRDA:468,25,0,0
BRDA:468,25,1,0
BRF:64
BRH:0
end_of_record
TN:
SF:components/IncidentFormModal.tsx
FN:18,(anonymous_9)
FN:30,(anonymous_10)
FN:61,(anonymous_11)
FN:67,(anonymous_12)
FN:68,(anonymous_13)
FN:73,(anonymous_14)
FN:74,(anonymous_15)
FN:82,(anonymous_16)
FN:86,(anonymous_17)
FN:92,(anonymous_18)
FN:98,(anonymous_19)
FN:102,(anonymous_20)
FNF:12
FNH:0
FNDA:0,(anonymous_9)
FNDA:0,(anonymous_10)
FNDA:0,(anonymous_11)
FNDA:0,(anonymous_12)
FNDA:0,(anonymous_13)
FNDA:0,(anonymous_14)
FNDA:0,(anonymous_15)
FNDA:0,(anonymous_16)
FNDA:0,(anonymous_17)
FNDA:0,(anonymous_18)
FNDA:0,(anonymous_19)
FNDA:0,(anonymous_20)
DA:2,0
DA:12,0
DA:13,0
DA:15,0
DA:16,0
DA:18,0
DA:19,0
DA:20,0
DA:21,0
DA:22,0
DA:23,0
DA:24,0
DA:25,0
DA:26,0
DA:28,0
DA:30,0
DA:31,0
DA:32,0
DA:34,0
DA:45,0
DA:46,0
DA:47,0
DA:50,0
DA:61,0
DA:67,0
DA:68,0
DA:73,0
DA:74,0
DA:82,0
DA:86,0
DA:92,0
DA:98,0
DA:102,0
LF:33
LH:0
BRDA:28,0,0,0
BRDA:28,0,1,0
BRF:2
BRH:0
end_of_record
TN:
SF:components/IncidentList.tsx
FN:15,(anonymous_9)
FN:20,(anonymous_10)
FN:21,(anonymous_11)
FN:31,(anonymous_12)
FN:44,(anonymous_13)
FN:67,(anonymous_14)
FN:67,(anonymous_15)
FN:72,(anonymous_16)
FN:72,(anonymous_17)
FN:82,(anonymous_18)
FN:82,(anonymous_19)
FN:92,(anonymous_20)
FN:131,(anonymous_21)
FN:146,(anonymous_22)
FN:163,(anonymous_23)
FNF:15
FNH:0
FNDA:0,(anonymous_9)
FNDA:0,(anonymous_10)
FNDA:0,(anonymous_11)
FNDA:0,(anonymous_12)
FNDA:0,(anonymous_13)
FNDA:0,(anonymous_14)
FNDA:0,(anonymous_15)
FNDA:0,(anonymous_16)
FNDA:0,(anonymous_17)
FNDA:0,(anonymous_18)
FNDA:0,(anonymous_19)
FNDA:0,(anonymous_20)
FNDA:0,(anonymous_21)
FNDA:0,(anonymous_22)
FNDA:0,(anonymous_23)
DA:2,0
DA:4,0
DA:5,0
DA:6,0
DA:13,0
DA:15,0
DA:16,0
DA:17,0
DA:18,0
DA:20,0
DA:21,0
DA:22,0
DA:25,0
DA:26,0
DA:27,0
DA:31,0
DA:32,0
DA:33,0
DA:34,0
DA:35,0
DA:36,0
DA:38,0
DA:40,0
DA:44,0
DA:45,0
DA:50,0
DA:53,0
DA:67,0
DA:72,0
DA:82,0
DA:93,0
DA:131,0
DA:146,0
DA:163,0
LF:34
LH:0
BRDA:22,0,0,0
BRDA:22,0,1,0
BRDA:22,0,2,0
BRDA:25,1,0,0
BRDA:25,1,1,0
BRDA:26,2,0,0
BRDA:26,2,1,0
BRDA:27,3,0,0
BRDA:27,3,1,0
BRDA:27,3,2,0
BRDA:32,4,0,0
BRDA:32,4,1,0
BRDA:100,5,0,0
BRDA:100,5,1,0
BRDA:100,6,0,0
BRDA:100,6,1,0
BRDA:118,7,0,0
BRDA:118,7,1,0
BRDA:118,8,0,0
BRDA:118,8,1,0
BRDA:129,9,0,0
BRDA:129,9,1,0
BRDA:135,10,0,0
BRDA:135,10,1,0
BRDA:140,11,0,0
BRDA:140,11,1,0
BRDA:154,12,0,0
BRDA:154,12,1,0
BRDA:160,13,0,0
BRDA:160,13,1,0
BRF:30
BRH:0
end_of_record
TN:
SF:components/InventoryDashboard.tsx
FN:9,(anonymous_9)
FN:10,(anonymous_10)
FN:12,(anonymous_11)
FN:13,(anonymous_12)
FN:16,(anonymous_13)
FN:19,(anonymous_14)
FN:28,(anonymous_15)
FN:34,(anonymous_16)
FN:37,(anonymous_17)
FN:116,(anonymous_18)
FN:117,(anonymous_19)
FN:144,(anonymous_20)
FN:145,(anonymous_21)
FN:230,(anonymous_22)
FN:231,(anonymous_23)
FN:232,(anonymous_24)
FNF:16
FNH:0
FNDA:0,(anonymous_9)
FNDA:0,(anonymous_10)
FNDA:0,(anonymous_11)
FNDA:0,(anonymous_12)
FNDA:0,(anonymous_13)
FNDA:0,(anonymous_14)
FNDA:0,(anonymous_15)
FNDA:0,(anonymous_16)
FNDA:0,(anonymous_17)
FNDA:0,(anonymous_18)
FNDA:0,(anonymous_19)
FNDA:0,(anonymous_20)
FNDA:0,(anonymous_21)
FNDA:0,(anonymous_22)
FNDA:0,(anonymous_23)
FNDA:0,(anonymous_24)
DA:1,0
DA:3,0
DA:9,0
DA:10,0
DA:11,0
DA:12,0
DA:13,0
DA:16,0
DA:19,0
DA:22,0
DA:25,0
DA:26,0
DA:28,0
DA:29,0
DA:30,0
DA:34,0
DA:37,0
DA:39,0
DA:53,0
DA:116,0
DA:118,0
DA:119,0
DA:144,0
DA:146,0
DA:147,0
DA:230,0
DA:231,0
DA:233,0
LF:28
LH:0
BRDA:22,0,0,0
BRDA:22,0,1,0
BRDA:29,1,0,0
BRDA:29,1,1,0
BRDA:30,2,0,0
BRDA:30,2,1,0
BRDA:174,3,0,0
BRDA:174,3,1,0
BRDA:177,4,0,0
BRDA:177,4,1,0
BRDA:188,5,0,0
BRDA:188,5,1,0
BRDA:191,6,0,0
BRDA:191,6,1,0
BRDA:210,7,0,0
BRDA:210,7,1,0
BRDA:237,8,0,0
BRDA:237,8,1,0
BRF:18
BRH:0
end_of_record
TN:
SF:components/InventoryFormModal.tsx
FN:17,(anonymous_9)
FN:29,(anonymous_10)
FN:61,(anonymous_11)
FN:67,(anonymous_12)
FN:68,(anonymous_13)
FN:73,(anonymous_14)
FN:80,(anonymous_15)
FN:84,(anonymous_16)
FN:91,(anonymous_17)
FN:95,(anonymous_18)
FN:101,(anonymous_19)
FN:103,(anonymous_20)
FNF:12
FNH:0
FNDA:0,(anonymous_9)
FNDA:0,(anonymous_10)
FNDA:0,(anonymous_11)
FNDA:0,(anonymous_12)
FNDA:0,(anonymous_13)
FNDA:0,(anonymous_14)
FNDA:0,(anonymous_15)
FNDA:0,(anonymous_16)
FNDA:0,(anonymous_17)
FNDA:0,(anonymous_18)
FNDA:0,(anonymous_19)
FNDA:0,(anonymous_20)
DA:2,0
DA:12,0
DA:13,0
DA:15,0
DA:17,0
DA:18,0
DA:19,0
DA:20,0
DA:21,0
DA:22,0
DA:23,0
DA:24,0
DA:25,0
DA:27,0
DA:29,0
DA:30,0
DA:31,0
DA:43,0
DA:44,0
DA:45,0
DA:46,0
DA:47,0
DA:50,0
DA:61,0
DA:67,0
DA:68,0
DA:73,0
DA:80,0
DA:84,0
DA:91,0
DA:95,0
DA:101,0
DA:104,0
LF:33
LH:0
BRDA:17,0,0,0
BRDA:27,1,0,0
BRDA:27,1,1,0
BRDA:39,2,0,0
BRDA:39,2,1,0
BRF:5
BRH:0
end_of_record
TN:
SF:components/InventoryList.tsx
FN:13,(anonymous_9)
FN:18,(anonymous_10)
FN:19,(anonymous_11)
FN:26,(anonymous_12)
FN:27,(anonymous_13)
FN:28,(anonymous_14)
FN:33,(anonymous_15)
FN:76,(anonymous_16)
FN:82,(anonymous_17)
FN:101,(anonymous_18)
FN:106,(anonymous_19)
FN:109,(anonymous_20)
FN:128,(anonymous_21)
FN:172,(anonymous_22)
FNF:14
FNH:0
FNDA:0,(anonymous_9)
FNDA:0,(anonymous_10)
FNDA:0,(anonymous_11)
FNDA:0,(anonymous_12)
FNDA:0,(anonymous_13)
FNDA:0,(anonymous_14)
FNDA:0,(anonymous_15)
FNDA:0,(anonymous_16)
FNDA:0,(anonymous_17)
FNDA:0,(anonymous_18)
FNDA:0,(anonymous_19)
FNDA:0,(anonymous_20)
FNDA:0,(anonymous_21)
FNDA:0,(anonymous_22)
DA:2,0
DA:4,0
DA:5,0
DA:11,0
DA:13,0
DA:14,0
DA:15,0
DA:16,0
DA:18,0
DA:19,0
DA:20,0
DA:21,0
DA:22,0
DA:26,0
DA:27,0
DA:28,0
DA:29,0
DA:30,0
DA:33,0
DA:35,0
DA:76,0
DA:82,0
DA:101,0
DA:106,0
DA:109,0
DA:129,0
DA:130,0
DA:131,0
DA:173,0
LF:29
LH:0
BRDA:20,0,0,0
BRDA:20,0,1,0
BRDA:21,1,0,0
BRDA:21,1,1,0
BRDA:22,2,0,0
BRDA:22,2,1,0
BRDA:77,3,0,0
BRDA:77,3,1,0
BRDA:83,4,0,0
BRDA:83,4,1,0
BRDA:89,5,0,0
BRDA:89,5,1,0
BRDA:132,6,0,0
BRDA:132,6,1,0
BRDA:137,7,0,0
BRDA:137,7,1,0
BRDA:140,8,0,0
BRDA:140,8,1,0
BRDA:146,9,0,0
BRDA:146,9,1,0
BRDA:147,10,0,0
BRDA:147,10,1,0
BRDA:150,11,0,0
BRDA:150,11,1,0
BRDA:150,12,0,0
BRDA:150,12,1,0
BRDA:157,13,0,0
BRDA:157,13,1,0
BRDA:169,14,0,0
BRDA:169,14,1,0
BRF:30
BRH:0
end_of_record
TN:
SF:components/JSADashboard.tsx
FN:13,(anonymous_9)
FN:19,(anonymous_10)
FN:20,(anonymous_11)
FN:32,(anonymous_12)
FN:35,(anonymous_13)
FN:47,(anonymous_14)
FN:59,(anonymous_15)
FN:66,(anonymous_16)
FN:90,(anonymous_17)
FN:91,(anonymous_18)
FN:92,(anonymous_19)
FN:93,(anonymous_20)
FN:96,(anonymous_21)
FN:119,(anonymous_22)
FN:134,(anonymous_23)
FN:138,(anonymous_24)
FN:220,(anonymous_25)
FN:221,(anonymous_26)
FN:235,(anonymous_27)
FN:252,(anonymous_28)
FNF:20
FNH:0
FNDA:0,(anonymous_9)
FNDA:0,(anonymous_10)
FNDA:0,(anonymous_11)
FNDA:0,(anonymous_12)
FNDA:0,(anonymous_13)
FNDA:0,(anonymous_14)
FNDA:0,(anonymous_15)
FNDA:0,(anonymous_16)
FNDA:0,(anonymous_17)
FNDA:0,(anonymous_18)
FNDA:0,(anonymous_19)
FNDA:0,(anonymous_20)
FNDA:0,(anonymous_21)
FNDA:0,(anonymous_22)
FNDA:0,(anonymous_23)
FNDA:0,(anonymous_24)
FNDA:0,(anonymous_25)
FNDA:0,(anonymous_26)
FNDA:0,(anonymous_27)
FNDA:0,(anonymous_28)
DA:1,0
DA:4,0
DA:11,0
DA:13,0
DA:14,0
DA:15,0
DA:16,0
DA:17,0
DA:19,0
DA:20,0
DA:21,0
DA:25,0
DA:26,0
DA:27,0
DA:28,0
DA:29,0
DA:32,0
DA:35,0
DA:36,0
DA:37,0
DA:38,0
DA:39,0
DA:40,0
DA:41,0
DA:42,0
DA:43,0
DA:47,0
DA:48,0
DA:49,0
DA:50,0
DA:51,0
DA:52,0
DA:53,0
DA:54,0
DA:55,0
DA:59,0
DA:60,0
DA:61,0
DA:62,0
DA:63,0
DA:66,0
DA:67,0
DA:68,0
DA:69,0
DA:70,0
DA:73,0
DA:90,0
DA:91,0
DA:92,0
DA:94,0
DA:96,0
DA:119,0
DA:135,0
DA:138,0
DA:221,0
DA:222,0
DA:236,0
DA:253,0
LF:58
LH:0
BRDA:21,0,0,0
BRDA:21,0,1,0
BRDA:21,0,2,0
BRDA:25,1,0,0
BRDA:25,1,1,0
BRDA:26,2,0,0
BRDA:26,2,1,0
BRDA:26,3,0,0
BRDA:26,3,1,0
BRDA:26,3,2,0
BRDA:27,4,0,0
BRDA:27,4,1,0
BRDA:27,5,0,0
BRDA:27,5,1,0
BRDA:27,5,2,0
BRDA:27,5,3,0
BRDA:28,6,0,0
BRDA:28,6,1,0
BRDA:28,7,0,0
BRDA:28,7,1,0
BRDA:36,8,0,0
BRDA:36,8,1,0
BRDA:36,8,2,0
BRDA:36,8,3,0
BRDA:36,8,4,0
BRDA:36,8,5,0
BRDA:36,8,6,0
BRDA:48,9,0,0
BRDA:48,9,1,0
BRDA:48,9,2,0
BRDA:48,9,3,0
BRDA:48,9,4,0
BRDA:48,9,5,0
BRDA:48,9,6,0
BRDA:60,10,0,0
BRDA:60,10,1,0
BRDA:61,11,0,0
BRDA:61,11,1,0
BRDA:62,12,0,0
BRDA:62,12,1,0
BRDA:67,13,0,0
BRDA:67,13,1,0
BRDA:68,14,0,0
BRDA:68,14,1,0
BRDA:69,15,0,0
BRDA:69,15,1,0
BRDA:90,16,0,0
BRDA:90,16,1,0
BRDA:91,17,0,0
BRDA:91,17,1,0
BRDA:91,17,2,0
BRDA:98,18,0,0
BRDA:98,18,1,0
BRDA:127,19,0,0
BRDA:127,19,1,0
BRDA:137,20,0,0
BRDA:137,20,1,0
BRDA:173,21,0,0
BRDA:173,21,1,0
BRDA:173,21,2,0
BRDA:175,22,0,0
BRDA:175,22,1,0
BRDA:177,23,0,0
BRDA:177,23,1,0
BRDA:179,24,0,0
BRDA:179,24,1,0
BRDA:190,25,0,0
BRDA:190,25,1,0
BRDA:232,26,0,0
BRDA:232,26,1,0
BRDA:253,27,0,0
BRDA:253,27,1,0
BRDA:254,28,0,0
BRDA:254,28,1,0
BRDA:261,29,0,0
BRDA:261,29,1,0
BRDA:269,30,0,0
BRDA:269,30,1,0
BRDA:269,30,2,0
BRDA:269,30,3,0
BRDA:273,31,0,0
BRDA:273,31,1,0
BRDA:281,32,0,0
BRDA:281,32,1,0
BRDA:294,33,0,0
BRDA:294,33,1,0
BRDA:294,33,2,0
BRDA:298,34,0,0
BRDA:298,34,1,0
BRDA:305,35,0,0
BRDA:305,35,1,0
BRDA:312,36,0,0
BRDA:312,36,1,0
BRDA:324,37,0,0
BRDA:324,37,1,0
BRDA:324,37,2,0
BRDA:334,38,0,0
BRDA:334,38,1,0
BRDA:346,39,0,0
BRDA:346,39,1,0
BRDA:346,39,2,0
BRDA:358,40,0,0
BRDA:358,40,1,0
BRDA:358,40,2,0
BRF:104
BRH:0
end_of_record
TN:
SF:components/JSAFormBDPL.tsx
FN:15,(anonymous_9)
FN:60,(anonymous_10)
FN:62,(anonymous_11)
FN:80,(anonymous_12)
FN:95,(anonymous_13)
FN:104,(anonymous_14)
FN:165,(anonymous_15)
FN:183,(anonymous_16)
FN:187,(anonymous_17)
FN:193,(anonymous_18)
FN:199,(anonymous_19)
FN:203,(anonymous_20)
FN:210,(anonymous_21)
FN:214,(anonymous_22)
FN:221,(anonymous_23)
FN:225,(anonymous_24)
FN:244,(anonymous_25)
FN:248,(anonymous_26)
FN:253,(anonymous_27)
FN:261,(anonymous_28)
FN:278,(anonymous_29)
FN:282,(anonymous_30)
FN:282,(anonymous_31)
FN:300,(anonymous_32)
FN:302,(anonymous_33)
FN:309,(anonymous_34)
FN:313,(anonymous_35)
FN:326,(anonymous_36)
FN:327,(anonymous_37)
FN:333,(anonymous_38)
FN:333,(anonymous_39)
FN:356,(anonymous_40)
FN:360,(anonymous_41)
FN:364,(anonymous_42)
FN:378,(anonymous_43)
FN:381,(anonymous_44)
FN:381,(anonymous_45)
FN:394,(anonymous_46)
FN:398,(anonymous_47)
FN:402,(anonymous_48)
FN:405,(anonymous_49)
FN:426,(anonymous_50)
FN:430,(anonymous_51)
FN:434,(anonymous_52)
FN:447,(anonymous_53)
FN:451,(anonymous_54)
FN:455,(anonymous_55)
FN:474,(anonymous_56)
FN:479,(anonymous_57)
FNF:49
FNH:0
FNDA:0,(anonymous_9)
FNDA:0,(anonymous_10)
FNDA:0,(anonymous_11)
FNDA:0,(anonymous_12)
FNDA:0,(anonymous_13)
FNDA:0,(anonymous_14)
FNDA:0,(anonymous_15)
FNDA:0,(anonymous_16)
FNDA:0,(anonymous_17)
FNDA:0,(anonymous_18)
FNDA:0,(anonymous_19)
FNDA:0,(anonymous_20)
FNDA:0,(anonymous_21)
FNDA:0,(anonymous_22)
FNDA:0,(anonymous_23)
FNDA:0,(anonymous_24)
FNDA:0,(anonymous_25)
FNDA:0,(anonymous_26)
FNDA:0,(anonymous_27)
FNDA:0,(anonymous_28)
FNDA:0,(anonymous_29)
FNDA:0,(anonymous_30)
FNDA:0,(anonymous_31)
FNDA:0,(anonymous_32)
FNDA:0,(anonymous_33)
FNDA:0,(anonymous_34)
FNDA:0,(anonymous_35)
FNDA:0,(anonymous_36)
FNDA:0,(anonymous_37)
FNDA:0,(anonymous_38)
FNDA:0,(anonymous_39)
FNDA:0,(anonymous_40)
FNDA:0,(anonymous_41)
FNDA:0,(anonymous_42)
FNDA:0,(anonymous_43)
FNDA:0,(anonymous_44)
FNDA:0,(anonymous_45)
FNDA:0,(anonymous_46)
FNDA:0,(anonymous_47)
FNDA:0,(anonymous_48)
FNDA:0,(anonymous_49)
FNDA:0,(anonymous_50)
FNDA:0,(anonymous_51)
FNDA:0,(anonymous_52)
FNDA:0,(anonymous_53)
FNDA:0,(anonymous_54)
FNDA:0,(anonymous_55)
FNDA:0,(anonymous_56)
FNDA:0,(anonymous_57)
DA:1,0
DA:2,0
DA:12,0
DA:13,0
DA:15,0
DA:16,0
DA:19,0
DA:20,0
DA:21,0
DA:22,0
DA:23,0
DA:24,0
DA:25,0
DA:26,0
DA:27,0
DA:30,0
DA:31,0
DA:32,0
DA:33,0
DA:34,0
DA:35,0
DA:36,0
DA:37,0
DA:38,0
DA:41,0
DA:42,0
DA:43,0
DA:44,0
DA:45,0
DA:46,0
DA:47,0
DA:48,0
DA:51,0
DA:52,0
DA:53,0
DA:54,0
DA:55,0
DA:56,0
DA:58,0
DA:60,0
DA:62,0
DA:63,0
DA:64,0
DA:72,0
DA:73,0
DA:74,0
DA:75,0
DA:76,0
DA:80,0
DA:81,0
DA:82,0
DA:88,0
DA:89,0
DA:90,0
DA:91,0
DA:95,0
DA:96,0
DA:97,0
DA:98,0
DA:99,0
DA:100,0
DA:104,0
DA:105,0
DA:107,0
DA:108,0
DA:109,0
DA:112,0
DA:147,0
DA:148,0
DA:151,0
DA:166,0
DA:183,0
DA:187,0
DA:193,0
DA:199,0
DA:203,0
DA:210,0
DA:214,0
DA:221,0
DA:225,0
DA:244,0
DA:248,0
DA:253,0
DA:261,0
DA:279,0
DA:282,0
DA:300,0
DA:303,0
DA:309,0
DA:313,0
DA:327,0
DA:328,0
DA:333,0
DA:356,0
DA:360,0
DA:364,0
DA:379,0
DA:381,0
DA:394,0
DA:398,0
DA:402,0
DA:405,0
DA:426,0
DA:430,0
DA:434,0
DA:447,0
DA:451,0
DA:455,0
DA:474,0
DA:479,0
LF:110
LH:0
BRDA:19,0,0,0
BRDA:19,0,1,0
BRDA:20,1,0,0
BRDA:20,1,1,0
BRDA:21,2,0,0
BRDA:21,2,1,0
BRDA:22,3,0,0
BRDA:22,3,1,0
BRDA:23,4,0,0
BRDA:23,4,1,0
BRDA:24,5,0,0
BRDA:24,5,1,0
BRDA:25,6,0,0
BRDA:25,6,1,0
BRDA:26,7,0,0
BRDA:26,7,1,0
BRDA:27,8,0,0
BRDA:27,8,1,0
BRDA:30,9,0,0
BRDA:30,9,1,0
BRDA:31,10,0,0
BRDA:31,10,1,0
BRDA:41,11,0,0
BRDA:41,11,1,0
BRDA:45,12,0,0
BRDA:45,12,1,0
BRDA:46,13,0,0
BRDA:46,13,1,0
BRDA:47,14,0,0
BRDA:47,14,1,0
BRDA:48,15,0,0
BRDA:48,15,1,0
BRDA:51,16,0,0
BRDA:51,16,1,0
BRDA:52,17,0,0
BRDA:52,17,1,0
BRDA:53,18,0,0
BRDA:53,18,1,0
BRDA:54,19,0,0
BRDA:54,19,1,0
BRDA:55,20,0,0
BRDA:55,20,1,0
BRDA:56,21,0,0
BRDA:56,21,1,0
BRDA:58,22,0,0
BRDA:58,22,1,0
BRDA:63,23,0,0
BRDA:63,23,1,0
BRDA:81,24,0,0
BRDA:81,24,1,0
BRDA:81,25,0,0
BRDA:81,25,1,0
BRDA:96,26,0,0
BRDA:96,26,1,0
BRDA:107,27,0,0
BRDA:107,27,1,0
BRDA:107,28,0,0
BRDA:107,28,1,0
BRDA:107,28,2,0
BRDA:113,29,0,0
BRDA:113,29,1,0
BRDA:120,30,0,0
BRDA:120,30,1,0
BRDA:121,31,0,0
BRDA:121,31,1,0
BRDA:131,32,0,0
BRDA:131,32,1,0
BRDA:136,33,0,0
BRDA:136,33,1,0
BRDA:141,34,0,0
BRDA:141,34,1,0
BRDA:142,35,0,0
BRDA:142,35,1,0
BRDA:144,36,0,0
BRDA:144,36,1,0
BRDA:166,37,0,0
BRDA:166,37,1,0
BRDA:176,38,0,0
BRDA:176,38,1,0
BRDA:232,39,0,0
BRDA:232,39,1,0
BRDA:275,40,0,0
BRDA:275,40,1,0
BRDA:292,41,0,0
BRDA:292,41,1,0
BRDA:323,42,0,0
BRDA:323,42,1,0
BRDA:343,43,0,0
BRDA:343,43,1,0
BRDA:374,44,0,0
BRDA:374,44,1,0
BRDA:379,45,0,0
BRDA:379,45,1,0
BRDA:380,46,0,0
BRDA:380,46,1,0
BRDA:414,47,0,0
BRDA:414,47,1,0
BRDA:473,48,0,0
BRDA:473,48,1,0
BRDA:478,49,0,0
BRDA:478,49,1,0
BRDA:483,50,0,0
BRDA:483,50,1,0
BRF:103
BRH:0
end_of_record
TN:
SF:components/JSAFormModal.tsx
FN:91,(anonymous_9)
FN:127,(anonymous_10)
FN:134,(anonymous_11)
FN:147,(anonymous_12)
FN:160,(anonymous_13)
FN:170,(anonymous_14)
FN:181,(anonymous_15)
FN:190,(anonymous_16)
FN:202,(anonymous_17)
FN:262,(anonymous_18)
FN:276,(anonymous_19)
FN:289,(anonymous_20)
FN:302,(anonymous_21)
FN:317,(anonymous_22)
FN:333,(anonymous_23)
FN:340,(anonymous_24)
FN:346,(anonymous_25)
FN:355,(anonymous_26)
FN:374,(anonymous_27)
FN:390,(anonymous_28)
FN:390,(anonymous_29)
FN:392,(anonymous_30)
FN:415,(anonymous_31)
FN:422,(anonymous_32)
FN:436,(anonymous_33)
FN:436,(anonymous_34)
FN:455,(anonymous_35)
FN:462,(anonymous_36)
FN:469,(anonymous_37)
FN:483,(anonymous_38)
FN:501,(anonymous_39)
FN:514,(anonymous_40)
FNF:32
FNH:0
FNDA:0,(anonymous_9)
FNDA:0,(anonymous_10)
FNDA:0,(anonymous_11)
FNDA:0,(anonymous_12)
FNDA:0,(anonymous_13)
FNDA:0,(anonymous_14)
FNDA:0,(anonymous_15)
FNDA:0,(anonymous_16)
FNDA:0,(anonymous_17)
FNDA:0,(anonymous_18)
FNDA:0,(anonymous_19)
FNDA:0,(anonymous_20)
FNDA:0,(anonymous_21)
FNDA:0,(anonymous_22)
FNDA:0,(anonymous_23)
FNDA:0,(anonymous_24)
FNDA:0,(anonymous_25)
FNDA:0,(anonymous_26)
FNDA:0,(anonymous_27)
FNDA:0,(anonymous_28)
FNDA:0,(anonymous_29)
FNDA:0,(anonymous_30)
FNDA:0,(anonymous_31)
FNDA:0,(anonymous_32)
FNDA:0,(anonymous_33)
FNDA:0,(anonymous_34)
FNDA:0,(anonymous_35)
FNDA:0,(anonymous_36)
FNDA:0,(anonymous_37)
FNDA:0,(anonymous_38)
FNDA:0,(anonymous_39)
FNDA:0,(anonymous_40)
DA:1,0
DA:2,0
DA:3,0
DA:91,0
DA:98,0
DA:109,0
DA:116,0
DA:121,0
DA:127,0
DA:128,0
DA:129,0
DA:130,0
DA:134,0
DA:135,0
DA:137,0
DA:138,0
DA:147,0
DA:152,0
DA:160,0
DA:161,0
DA:163,0
DA:170,0
DA:175,0
DA:181,0
DA:182,0
DA:184,0
DA:190,0
DA:195,0
DA:202,0
DA:203,0
DA:204,0
DA:205,0
DA:208,0
DA:228,0
DA:229,0
DA:232,0
DA:234,0
DA:262,0
DA:276,0
DA:289,0
DA:302,0
DA:317,0
DA:333,0
DA:340,0
DA:346,0
DA:355,0
DA:375,0
DA:390,0
DA:392,0
DA:415,0
DA:422,0
DA:436,0
DA:437,0
DA:455,0
DA:462,0
DA:469,0
DA:484,0
DA:501,0
DA:514,0
LF:59
LH:0
BRDA:96,0,0,0
BRDA:98,1,0,0
BRDA:98,1,1,0
BRDA:117,2,0,0
BRDA:117,2,1,0
BRDA:130,3,0,0
BRDA:130,3,1,0
BRDA:131,4,0,0
BRDA:131,4,1,0
BRDA:135,5,0,0
BRDA:135,5,1,0
BRDA:135,6,0,0
BRDA:135,6,1,0
BRDA:149,7,0,0
BRDA:149,7,1,0
BRDA:161,8,0,0
BRDA:161,8,1,0
BRDA:172,9,0,0
BRDA:172,9,1,0
BRDA:176,10,0,0
BRDA:176,10,1,0
BRDA:182,11,0,0
BRDA:182,11,1,0
BRDA:182,12,0,0
BRDA:182,12,1,0
BRDA:187,13,0,0
BRDA:187,13,1,0
BRDA:192,14,0,0
BRDA:192,14,1,0
BRDA:203,15,0,0
BRDA:203,15,1,0
BRDA:203,16,0,0
BRDA:203,16,1,0
BRDA:203,16,2,0
BRDA:203,16,3,0
BRDA:209,17,0,0
BRDA:209,17,1,0
BRDA:210,18,0,0
BRDA:210,18,1,0
BRDA:214,19,0,0
BRDA:214,19,1,0
BRDA:216,20,0,0
BRDA:216,20,1,0
BRDA:217,21,0,0
BRDA:217,21,1,0
BRDA:218,22,0,0
BRDA:218,22,1,0
BRDA:219,23,0,0
BRDA:219,23,1,0
BRDA:220,24,0,0
BRDA:220,24,1,0
BRDA:221,25,0,0
BRDA:221,25,1,0
BRDA:222,26,0,0
BRDA:222,26,1,0
BRDA:223,27,0,0
BRDA:223,27,1,0
BRDA:232,28,0,0
BRDA:232,28,1,0
BRDA:240,29,0,0
BRDA:240,29,1,0
BRDA:261,30,0,0
BRDA:261,30,1,0
BRDA:275,31,0,0
BRDA:275,31,1,0
BRDA:288,32,0,0
BRDA:288,32,1,0
BRDA:301,33,0,0
BRDA:301,33,1,0
BRDA:316,34,0,0
BRDA:316,34,1,0
BRDA:327,35,0,0
BRDA:327,35,1,0
BRDA:374,36,0,0
BRDA:374,36,1,0
BRDA:381,37,0,0
BRDA:381,37,1,0
BRDA:381,38,0,0
BRDA:381,38,1,0
BRDA:388,39,0,0
BRDA:388,39,1,0
BRDA:392,40,0,0
BRDA:392,40,1,0
BRDA:409,41,0,0
BRDA:409,41,1,0
BRDA:436,42,0,0
BRDA:436,42,1,0
BRDA:449,43,0,0
BRDA:449,43,1,0
BRDA:483,44,0,0
BRDA:483,44,1,0
BRDA:487,45,0,0
BRDA:487,45,1,0
BRDA:500,46,0,0
BRDA:500,46,1,0
BRDA:513,47,0,0
BRDA:513,47,1,0
BRDA:535,48,0,0
BRDA:535,48,1,0
BRF:99
BRH:0
end_of_record
TN:
SF:components/JSAList.tsx
FN:66,(anonymous_9)
FN:78,(anonymous_10)
FN:79,(anonymous_11)
FN:91,(anonymous_12)
FN:96,(anonymous_13)
FN:101,(anonymous_14)
FN:106,(anonymous_15)
FN:107,(anonymous_16)
FN:107,(anonymous_17)
FN:108,(anonymous_18)
FN:109,(anonymous_19)
FN:110,(anonymous_20)
FN:121,(anonymous_21)
FN:141,(anonymous_22)
FN:155,(anonymous_23)
FN:169,(anonymous_24)
FN:183,(anonymous_25)
FN:192,(anonymous_26)
FN:219,(anonymous_27)
FN:222,(anonymous_28)
FN:245,(anonymous_29)
FN:249,(anonymous_30)
FN:279,(anonymous_31)
FN:289,(anonymous_32)
FN:301,(anonymous_33)
FN:358,(anonymous_34)
FN:377,(anonymous_35)
FN:394,(anonymous_36)
FN:416,(anonymous_37)
FN:426,(anonymous_38)
FNF:30
FNH:0
FNDA:0,(anonymous_9)
FNDA:0,(anonymous_10)
FNDA:0,(anonymous_11)
FNDA:0,(anonymous_12)
FNDA:0,(anonymous_13)
FNDA:0,(anonymous_14)
FNDA:0,(anonymous_15)
FNDA:0,(anonymous_16)
FNDA:0,(anonymous_17)
FNDA:0,(anonymous_18)
FNDA:0,(anonymous_19)
FNDA:0,(anonymous_20)
FNDA:0,(anonymous_21)
FNDA:0,(anonymous_22)
FNDA:0,(anonymous_23)
FNDA:0,(anonymous_24)
FNDA:0,(anonymous_25)
FNDA:0,(anonymous_26)
FNDA:0,(anonymous_27)
FNDA:0,(anonymous_28)
FNDA:0,(anonymous_29)
FNDA:0,(anonymous_30)
FNDA:0,(anonymous_31)
FNDA:0,(anonymous_32)
FNDA:0,(anonymous_33)
FNDA:0,(anonymous_34)
FNDA:0,(anonymous_35)
FNDA:0,(anonymous_36)
FNDA:0,(anonymous_37)
FNDA:0,(anonymous_38)
DA:1,0
DA:2,0
DA:3,0
DA:4,0
DA:52,0
DA:60,0
DA:66,0
DA:73,0
DA:74,0
DA:75,0
DA:76,0
DA:78,0
DA:79,0
DA:80,0
DA:81,0
DA:87,0
DA:91,0
DA:92,0
DA:93,0
DA:96,0
DA:97,0
DA:98,0
DA:101,0
DA:102,0
DA:103,0
DA:106,0
DA:107,0
DA:108,0
DA:109,0
DA:110,0
DA:111,0
DA:114,0
DA:121,0
DA:141,0
DA:155,0
DA:169,0
DA:183,0
DA:192,0
DA:220,0
DA:222,0
DA:245,0
DA:249,0
DA:280,0
DA:281,0
DA:290,0
DA:291,0
DA:302,0
DA:303,0
DA:359,0
DA:378,0
DA:395,0
DA:416,0
DA:426,0
LF:53
LH:0
BRDA:67,0,0,0
BRDA:71,1,0,0
BRDA:80,2,0,0
BRDA:80,2,1,0
BRDA:81,3,0,0
BRDA:81,3,1,0
BRDA:82,4,0,0
BRDA:82,4,1,0
BRDA:82,4,2,0
BRDA:82,4,3,0
BRDA:87,5,0,0
BRDA:87,5,1,0
BRDA:109,6,0,0
BRDA:109,6,1,0
BRDA:119,7,0,0
BRDA:119,7,1,0
BRDA:124,8,0,0
BRDA:124,8,1,0
BRDA:161,9,0,0
BRDA:161,9,1,0
BRDA:161,9,2,0
[...]
BRDA:284,14,0,0
BRDA:284,14,1,0
BRF:30
BRH:0
end_of_record
TN:
SF:services/geminiService.ts
FN:16,(anonymous_0)
FNF:1
FNH:0
FNDA:0,(anonymous_0)
DA:2,0
DA:8,0
DA:10,0
DA:11,0
DA:14,0
DA:16,0
DA:17,0
DA:18,0
DA:21,0
DA:22,0
DA:28,0
DA:34,0
DA:36,0
DA:37,0
DA:40,0
DA:43,0
DA:44,0
LF:17
LH:0
BRDA:10,0,0,0
BRDA:10,0,1,0
BRDA:14,1,0,0
BRDA:14,1,1,0
BRDA:17,2,0,0
BRDA:17,2,1,0
BRDA:36,3,0,0
BRDA:36,3,1,0
BRF:8
BRH:0
end_of_record
TN:
SF:services/helpdeskWorkflowService.ts
FN:60,(anonymous_0)
FN:73,(anonymous_1)
FN:86,(anonymous_2)
FN:114,(anonymous_3)
FN:137,(anonymous_4)
FN:146,(anonymous_5)
FN:169,(anonymous_6)
FN:171,(anonymous_7)
FN:186,(anonymous_8)
FN:199,(anonymous_9)
FN:207,(anonymous_10)
FN:231,(anonymous_11)
FN:240,(anonymous_12)
FN:253,(anonymous_13)
FNF:14
FNH:0
FNDA:0,(anonymous_0)
FNDA:0,(anonymous_1)
FNDA:0,(anonymous_2)
FNDA:0,(anonymous_3)
FNDA:0,(anonymous_4)
FNDA:0,(anonymous_5)
FNDA:0,(anonymous_6)
FNDA:0,(anonymous_7)
FNDA:0,(anonymous_8)
FNDA:0,(anonymous_9)
FNDA:0,(anonymous_10)
FNDA:0,(anonymous_11)
FNDA:0,(anonymous_12)
FNDA:0,(anonymous_13)
DA:55,0
DA:61,0
DA:67,0
DA:74,0
DA:79,0
DA:92,0
DA:102,0
DA:103,0
DA:104,0
DA:107,0
DA:120,0
DA:130,0
DA:131,0
DA:138,0
DA:139,0
DA:140,0
DA:147,0
DA:148,0
DA:149,0
DA:159,0
DA:160,0
DA:170,0
DA:171,0
DA:173,0
DA:175,0
DA:176,0
DA:187,0
DA:193,0
DA:200,0
DA:201,0
DA:213,0
DA:224,0
DA:225,0
DA:232,0
DA:233,0
DA:234,0
DA:241,0
DA:246,0
DA:247,0
DA:254,0
DA:255,0
DA:256,0
LF:42
LH:0
BRDA:67,0,0,0
BRDA:67,0,1,0
BRDA:79,1,0,0
BRDA:79,1,1,0
BRDA:102,2,0,0
BRDA:102,2,1,0
BRDA:104,3,0,0
BRDA:104,3,1,0
BRDA:130,4,0,0
BRDA:130,4,1,0
BRDA:139,5,0,0
BRDA:139,5,1,0
BRDA:148,6,0,0
BRDA:148,6,1,0
BRDA:169,7,0,0
BRDA:173,8,0,0
BRDA:173,8,1,0
BRDA:193,9,0,0
BRDA:193,9,1,0
BRDA:200,10,0,0
BRDA:200,10,1,0
BRDA:224,11,0,0
BRDA:224,11,1,0
BRDA:233,12,0,0
BRDA:233,12,1,0
BRDA:246,13,0,0
BRDA:246,13,1,0
BRDA:255,14,0,0
BRDA:255,14,1,0
BRF:29
BRH:0
end_of_record
TN:
SF:services/index.ts
FNF:0
FNH:0
DA:4,0
DA:5,0
DA:6,0
DA:7,0
DA:8,0
DA:9,0
DA:10,0
DA:11,0
DA:12,0
DA:13,0
DA:14,0
DA:15,0
LF:12
LH:0
BRF:0
BRH:0
end_of_record
TN:
SF:services/inventoryAssetService.ts
FN:136,(anonymous_0)
FN:155,(anonymous_1)
FN:164,(anonymous_2)
FN:173,(anonymous_3)
FN:182,(anonymous_4)
FN:200,(anonymous_5)
FN:222,(anonymous_6)
FN:247,(anonymous_7)
FN:272,(anonymous_8)
FN:284,(anonymous_9)
FN:297,(anonymous_10)
FN:306,(anonymous_11)
FN:315,(anonymous_12)
FN:329,(anonymous_13)
FN:343,(anonymous_14)
FN:352,(anonymous_15)
FN:371,(anonymous_16)
FN:383,(anonymous_17)
FN:392,(anonymous_18)
FN:403,(anonymous_19)
FN:412,(anonymous_20)
FN:426,(anonymous_21)
FN:435,(anonymous_22)
FN:444,(anonymous_23)
FNF:24
FNH:0
FNDA:0,(anonymous_0)
FNDA:0,(anonymous_1)
FNDA:0,(anonymous_2)
FNDA:0,(anonymous_3)
FNDA:0,(anonymous_4)
FNDA:0,(anonymous_5)
FNDA:0,(anonymous_6)
FNDA:0,(anonymous_7)
FNDA:0,(anonymous_8)
FNDA:0,(anonymous_9)
FNDA:0,(anonymous_10)
FNDA:0,(anonymous_11)
FNDA:0,(anonymous_12)
FNDA:0,(anonymous_13)
FNDA:0,(anonymous_14)
FNDA:0,(anonymous_15)
FNDA:0,(anonymous_16)
FNDA:0,(anonymous_17)
FNDA:0,(anonymous_18)
FNDA:0,(anonymous_19)
FNDA:0,(anonymous_20)
FNDA:0,(anonymous_21)
FNDA:0,(anonymous_22)
FNDA:0,(anonymous_23)
DA:132,0
DA:139,0
DA:148,0
DA:149,0
DA:156,0
DA:157,0
DA:158,0
DA:165,0
DA:166,0
DA:167,0
DA:174,0
DA:175,0
DA:176,0
DA:183,0
DA:193,0
DA:194,0
DA:205,0
DA:215,0
DA:216,0
DA:228,0
DA:240,0
DA:241,0
DA:253,0
DA:265,0
DA:266,0
DA:273,0
DA:280,0
DA:285,0
DA:290,0
DA:291,0
DA:298,0
DA:299,0
DA:300,0
DA:307,0
DA:308,0
DA:309,0
DA:316,0
DA:322,0
DA:323,0
DA:330,0
DA:336,0
DA:337,0
DA:344,0
DA:345,0
DA:346,0
DA:353,0
DA:359,0
DA:360,0
DA:367,0
DA:372,0
DA:373,0
DA:374,0
DA:375,0
DA:376,0
DA:377,0
DA:384,0
DA:385,0
DA:386,0
DA:395,0
DA:396,0
DA:397,0
DA:404,0
DA:405,0
DA:406,0
DA:413,0
DA:414,0
DA:415,0
DA:422,0
DA:427,0
DA:428,0
DA:429,0
DA:436,0
DA:437,0
DA:438,0
DA:445,0
DA:446,0
DA:447,0
LF:77
LH:0
BRDA:148,0,0,0
BRDA:148,0,1,0
BRDA:157,1,0,0
BRDA:157,1,1,0
BRDA:166,2,0,0
BRDA:166,2,1,0
BRDA:175,3,0,0
BRDA:175,3,1,0
BRDA:193,4,0,0
BRDA:193,4,1,0
BRDA:215,5,0,0
BRDA:215,5,1,0
BRDA:240,6,0,0
BRDA:240,6,1,0
BRDA:250,7,0,0
BRDA:265,8,0,0
BRDA:265,8,1,0
BRDA:290,9,0,0
BRDA:290,9,1,0
BRDA:299,10,0,0
BRDA:299,10,1,0
BRDA:306,11,0,0
BRDA:308,12,0,0
BRDA:308,12,1,0
BRDA:322,13,0,0
BRDA:322,13,1,0
BRDA:336,14,0,0
BRDA:336,14,1,0
BRDA:345,15,0,0
BRDA:345,15,1,0
BRDA:359,16,0,0
BRDA:359,16,1,0
BRDA:373,17,0,0
BRDA:373,17,1,0
BRDA:374,18,0,0
BRDA:374,18,1,0
BRDA:375,19,0,0
BRDA:375,19,1,0
BRDA:376,20,0,0
BRDA:376,20,1,0
BRDA:385,21,0,0
BRDA:385,21,1,0
BRDA:396,22,0,0
BRDA:396,22,1,0
BRDA:405,23,0,0
BRDA:405,23,1,0
BRDA:414,24,0,0
BRDA:414,24,1,0
BRDA:428,25,0,0
BRDA:428,25,1,0
BRDA:437,26,0,0
BRDA:437,26,1,0
BRDA:446,27,0,0
BRDA:446,27,1,0
BRF:54
BRH:0
end_of_record
TN:
SF:services/jsaService.ts
FN:521,(anonymous_0)
FN:540,(anonymous_1)
FN:545,(anonymous_2)
FN:546,(anonymous_3)
FN:550,(anonymous_4)
FN:552,(anonymous_5)
FN:559,(anonymous_6)
FN:560,(anonymous_7)
FN:569,(anonymous_8)
FN:570,(anonymous_9)
FN:585,(anonymous_10)
FN:586,(anonymous_11)
FN:601,(anonymous_12)
FN:602,(anonymous_13)
FN:618,(anonymous_14)
FN:619,(anonymous_15)
FN:630,(anonymous_16)
FN:631,(anonymous_17)
FN:647,(anonymous_18)
FN:648,(anonymous_19)
FN:659,(anonymous_20)
FN:665,(anonymous_21)
FN:666,(anonymous_22)
FN:667,(anonymous_23)
FN:668,(anonymous_24)
FN:669,(anonymous_25)
FN:670,(anonymous_26)
FN:671,(anonymous_27)
FN:672,(anonymous_28)
FN:677,(anonymous_29)
FN:682,(anonymous_30)
FNF:31
FNH:0
FNDA:0,(anonymous_0)
FNDA:0,(anonymous_1)
FNDA:0,(anonymous_2)
FNDA:0,(anonymous_3)
FNDA:0,(anonymous_4)
FNDA:0,(anonymous_5)
FNDA:0,(anonymous_6)
FNDA:0,(anonymous_7)
FNDA:0,(anonymous_8)
FNDA:0,(anonymous_9)
FNDA:0,(anonymous_10)
FNDA:0,(anonymous_11)
FNDA:0,(anonymous_12)
FNDA:0,(anonymous_13)
FNDA:0,(anonymous_14)
FNDA:0,(anonymous_15)
FNDA:0,(anonymous_16)
FNDA:0,(anonymous_17)
FNDA:0,(anonymous_18)
FNDA:0,(anonymous_19)
FNDA:0,(anonymous_20)
FNDA:0,(anonymous_21)
FNDA:0,(anonymous_22)
FNDA:0,(anonymous_23)
FNDA:0,(anonymous_24)
FNDA:0,(anonymous_25)
FNDA:0,(anonymous_26)
FNDA:0,(anonymous_27)
FNDA:0,(anonymous_28)
FNDA:0,(anonymous_29)
FNDA:0,(anonymous_30)
DA:100,0
DA:519,0
DA:522,0
DA:523,0
DA:525,0
DA:535,0
DA:536,0
DA:541,0
DA:546,0
DA:552,0
DA:553,0
DA:560,0
DA:561,0
DA:562,0
DA:563,0
DA:564,0
DA:570,0
DA:571,0
DA:573,0
DA:574,0
DA:581,0
DA:586,0
DA:587,0
DA:589,0
DA:590,0
DA:597,0
DA:602,0
DA:603,0
DA:605,0
DA:606,0
DA:612,0
DA:614,0
DA:619,0
DA:620,0
DA:622,0
DA:623,0
DA:624,0
DA:626,0
DA:631,0
DA:632,0
DA:635,0
DA:636,0
DA:637,0
DA:638,0
DA:639,0
DA:640,0
DA:643,0
DA:648,0
DA:649,0
DA:651,0
DA:652,0
DA:655,0
DA:660,0
DA:661,0
DA:663,0
DA:665,0
DA:666,0
DA:667,0
DA:668,0
DA:669,0
DA:670,0
DA:671,0
DA:673,0
DA:677,0
DA:683,0
LF:65
LH:0
BRDA:546,0,0,0
BRDA:546,0,1,0
BRDA:553,1,0,0
BRDA:553,1,1,0
BRDA:553,1,2,0
BRDA:553,1,3,0
BRDA:561,2,0,0
BRDA:561,2,1,0
BRDA:562,3,0,0
BRDA:562,3,1,0
BRDA:562,4,0,0
BRDA:562,4,1,0
BRDA:563,5,0,0
BRDA:563,5,1,0
BRDA:563,6,0,0
BRDA:563,6,1,0
BRDA:571,7,0,0
BRDA:571,7,1,0
BRDA:587,8,0,0
BRDA:587,8,1,0
BRDA:603,9,0,0
BRDA:603,9,1,0
BRDA:620,10,0,0
BRDA:620,10,1,0
BRDA:632,11,0,0
BRDA:632,11,1,0
BRDA:635,12,0,0
BRDA:635,12,1,0
BRDA:649,13,0,0
BRDA:649,13,1,0
BRDA:651,14,0,0
BRDA:651,14,1,0
BRDA:670,15,0,0
BRDA:670,15,1,0
BRDA:671,16,0,0
BRDA:671,16,1,0
BRDA:673,17,0,0
BRDA:673,17,1,0
BRDA:673,17,2,0
BRF:39
BRH:0
end_of_record
TN:
SF:services/slaMatrixService.ts
FN:65,getSLALevel
FN:72,getAllSLALevels
FN:79,formatTimeFromMins
FN:96,getNextEscalationLevel
FN:118,getEscalationPath
FN:156,isSLABreached
FN:172,getSLAStatusColor
FNF:7
FNH:0
FNDA:0,getSLALevel
FNDA:0,getAllSLALevels
FNDA:0,formatTimeFromMins
FNDA:0,getNextEscalationLevel
FNDA:0,getEscalationPath
FNDA:0,isSLABreached
FNDA:0,getSLAStatusColor
DA:23,0
DA:65,0
DA:66,0
DA:72,0
DA:73,0
DA:79,0
DA:80,0
DA:81,0
DA:83,0
DA:84,0
DA:86,0
DA:87,0
DA:89,0
DA:96,0
DA:101,0
DA:102,0
DA:105,0
DA:106,0
DA:107,0
DA:108,0
DA:109,0
DA:112,0
DA:118,0
DA:123,0
DA:124,0
DA:125,0
DA:127,0
DA:128,0
DA:131,0
DA:132,0
DA:133,0
DA:135,0
DA:136,0
DA:137,0
DA:142,0
DA:146,0
DA:156,0
DA:157,0
DA:158,0
DA:161,0
DA:162,0
DA:163,0
DA:164,0
DA:166,0
DA:172,0
DA:177,0
DA:178,0
DA:181,0
DA:182,0
DA:183,0
DA:184,0
DA:185,0
DA:187,0
DA:188,0
DA:190,0
DA:191,0
DA:193,0
LF:57
LH:0
BRDA:83,0,0,0
BRDA:83,0,1,0
BRDA:86,1,0,0
BRDA:86,1,1,0
BRDA:101,2,0,0
BRDA:101,2,1,0
BRDA:101,3,0,0
BRDA:101,3,1,0
BRDA:105,4,0,0
BRDA:105,4,1,0
BRDA:108,5,0,0
BRDA:108,5,1,0
BRDA:135,6,0,0
BRDA:135,6,1,0
BRDA:157,7,0,0
BRDA:157,7,1,0
BRDA:157,8,0,0
BRDA:157,8,1,0
BRDA:177,9,0,0
BRDA:177,9,1,0
BRDA:177,10,0,0
BRDA:177,10,1,0
BRDA:187,11,0,0
BRDA:187,11,1,0
BRDA:190,12,0,0
BRDA:190,12,1,0
BRF:26
BRH:0
end_of_record
TN:
SF:services/slaService.ts
FN:36,(anonymous_0)
FN:42,(anonymous_1)
FN:54,(anonymous_2)
FN:63,(anonymous_3)
FN:76,(anonymous_4)
FN:150,(anonymous_5)
FN:161,(anonymous_6)
FN:191,(anonymous_7)
FN:223,(anonymous_8)
FN:238,(anonymous_9)
FN:251,(anonymous_10)
FN:259,(anonymous_11)
FN:260,(anonymous_12)
FNF:13
FNH:0
FNDA:0,(anonymous_0)
FNDA:0,(anonymous_1)
FNDA:0,(anonymous_2)
FNDA:0,(anonymous_3)
FNDA:0,(anonymous_4)
FNDA:0,(anonymous_5)
FNDA:0,(anonymous_6)
FNDA:0,(anonymous_7)
FNDA:0,(anonymous_8)
FNDA:0,(anonymous_9)
FNDA:0,(anonymous_10)
FNDA:0,(anonymous_11)
FNDA:0,(anonymous_12)
DA:7,0
DA:14,0
DA:36,0
DA:37,0
DA:38,0
DA:42,0
DA:43,0
DA:53,0
DA:54,0
DA:55,0
DA:62,0
DA:63,0
DA:64,0
DA:70,0
DA:76,0
DA:77,0
DA:79,0
DA:81,0
DA:90,0
DA:99,0
DA:108,0
DA:117,0
DA:126,0
DA:135,0
DA:150,0
DA:151,0
DA:152,0
DA:153,0
DA:155,0
DA:161,0
DA:162,0
DA:163,0
DA:166,0
DA:167,0
DA:169,0
DA:170,0
DA:171,0
DA:175,0
DA:176,0
DA:191,0
DA:192,0
DA:193,0
DA:195,0
DA:196,0
DA:198,0
DA:199,0
DA:200,0
DA:201,0
DA:203,0
DA:204,0
DA:205,0
DA:206,0
DA:207,0
DA:210,0
DA:223,0
DA:224,0
DA:232,0
DA:238,0
DA:239,0
DA:240,0
DA:241,0
DA:244,0
DA:245,0
DA:251,0
DA:252,0
DA:253,0
DA:254,0
DA:257,0
DA:258,0
DA:259,0
DA:260,0
LF:71
LH:0
BRDA:37,0,0,0
BRDA:37,0,1,0
BRDA:37,1,0,0
BRDA:37,1,1,0
BRDA:43,2,0,0
BRDA:43,2,1,0
BRDA:43,2,2,0
BRDA:43,2,3,0
BRDA:43,2,4,0
BRDA:43,2,5,0
BRDA:43,2,6,0
BRDA:53,3,0,0
BRDA:53,3,1,0
BRDA:55,4,0,0
BRDA:55,4,1,0
BRDA:55,4,2,0
BRDA:62,5,0,0
BRDA:62,5,1,0
BRDA:64,6,0,0
BRDA:64,6,1,0
BRDA:64,6,2,0
BRDA:70,7,0,0
BRDA:70,7,1,0
BRDA:79,8,0,0
BRDA:79,8,1,0
BRDA:79,8,2,0
BRDA:79,8,3,0
BRDA:79,8,4,0
BRDA:79,8,5,0
BRDA:79,8,6,0
BRDA:152,9,0,0
BRDA:152,9,1,0
BRDA:162,10,0,0
BRDA:162,10,1,0
BRDA:162,11,0,0
BRDA:162,11,1,0
BRDA:167,12,0,0
BRDA:167,12,1,0
BRDA:169,13,0,0
BRDA:169,13,1,0
BRDA:196,14,0,0
BRDA:196,14,1,0
BRDA:196,15,0,0
BRDA:196,15,1,0
BRDA:204,16,0,0
BRDA:204,16,1,0
BRDA:206,17,0,0
BRDA:206,17,1,0
BRDA:232,18,0,0
BRDA:232,18,1,0
BRDA:240,19,0,0
BRDA:240,19,1,0
BRDA:253,20,0,0
BRDA:253,20,1,0
BRF:54
BRH:0
end_of_record
TN:
SF:services/ticketMasterService.ts
FN:42,(anonymous_0)
FN:53,getTicketMasterRules
FN:66,(anonymous_2)
FN:106,findTicketMasterRule
FN:114,(anonymous_4)
FN:126,getIssuesForSubcategory
FN:147,getPriorityForIssue
FNF:7
FNH:0
FNDA:0,(anonymous_0)
FNDA:0,getTicketMasterRules
FNDA:0,(anonymous_2)
FNDA:0,findTicketMasterRule
FNDA:0,(anonymous_4)
FNDA:0,getIssuesForSubcategory
FNDA:0,getPriorityForIssue
DA:36,0
DA:42,0
DA:43,0
DA:44,0
DA:53,0
DA:54,0
DA:55,0
DA:58,0
DA:59,0
DA:62,0
DA:63,0
DA:66,0
DA:96,0
DA:98,0
DA:99,0
DA:106,0
DA:111,0
DA:113,0
DA:115,0
DA:120,0
DA:126,0
DA:130,0
DA:131,0
DA:135,0
DA:136,0
DA:137,0
DA:139,0
DA:140,0
DA:147,0
DA:152,0
DA:153,0
DA:157,0
DA:158,0
DA:159,0
DA:161,0
DA:162,0
LF:36
LH:0
BRDA:46,0,0,0
BRDA:46,0,1,0
BRDA:54,1,0,0
BRDA:54,1,1,0
BRDA:62,2,0,0
BRDA:62,2,1,0
BRDA:66,3,0,0
BRDA:66,3,1,0
BRDA:67,4,0,0
BRDA:67,4,1,0
BRDA:67,4,2,0
BRDA:68,5,0,0
BRDA:68,5,1,0
BRDA:68,5,2,0
BRDA:69,6,0,0
BRDA:69,6,1,0
BRDA:69,6,2,0
BRDA:70,7,0,0
BRDA:70,7,1,0
BRDA:70,7,2,0
BRDA:71,8,0,0
BRDA:71,8,1,0
BRDA:71,8,2,0
BRDA:72,9,0,0
BRDA:72,9,1,0
BRDA:72,9,2,0
BRDA:73,10,0,0
BRDA:73,10,1,0
BRDA:73,10,2,0
BRDA:74,11,0,0
BRDA:74,11,1,0
BRDA:74,11,2,0
BRDA:75,12,0,0
BRDA:75,12,1,0
BRDA:75,12,2,0
BRDA:76,13,0,0
BRDA:76,13,1,0
BRDA:76,13,2,0
BRDA:77,14,0,0
BRDA:77,14,1,0
BRDA:77,14,2,0
BRDA:78,15,0,0
BRDA:78,15,1,0
BRDA:78,15,2,0
BRDA:79,16,0,0
BRDA:79,16,1,0
BRDA:79,16,2,0
BRDA:80,17,0,0
BRDA:80,17,1,0
BRDA:80,17,2,0
BRDA:81,18,0,0
BRDA:81,18,1,0
BRDA:81,18,2,0
BRDA:82,19,0,0
BRDA:82,19,1,0
BRDA:82,19,2,0
BRDA:83,20,0,0
BRDA:83,20,1,0
BRDA:83,20,2,0
BRDA:84,21,0,0
BRDA:84,21,1,0
BRDA:84,21,2,0
BRDA:85,22,0,0
BRDA:85,22,1,0
BRDA:85,22,2,0
BRDA:86,23,0,0
BRDA:86,23,1,0
BRDA:86,23,2,0
BRDA:87,24,0,0
BRDA:87,24,1,0
BRDA:87,24,2,0
BRDA:88,25,0,0
BRDA:88,25,1,0
BRDA:88,25,2,0
BRDA:89,26,0,0
BRDA:89,26,1,0
BRDA:89,26,2,0
BRDA:90,27,0,0
BRDA:90,27,1,0
BRDA:90,27,2,0
BRDA:91,28,0,0
BRDA:91,28,1,0
BRDA:91,28,2,0
BRDA:92,29,0,0
BRDA:92,29,1,0
BRDA:93,30,0,0
BRDA:93,30,1,0
BRDA:115,31,0,0
BRDA:115,31,1,0
BRDA:115,31,2,0
BRDA:120,32,0,0
BRDA:120,32,1,0
BRDA:135,33,0,0
BRDA:135,33,1,0
BRDA:137,34,0,0
BRDA:137,34,1,0
BRDA:157,35,0,0
BRDA:157,35,1,0
BRDA:159,36,0,0
BRDA:159,36,1,0
BRDA:159,36,2,0
BRF:101
BRH:0
end_of_record
TN:
SF:services/ticketService.ts
FN:8,(anonymous_0)
FN:17,(anonymous_1)
FN:34,(anonymous_2)
FNF:3
FNH:0
FNDA:0,(anonymous_0)
FNDA:0,(anonymous_1)
FNDA:0,(anonymous_2)
DA:4,0
DA:9,0
DA:10,0
DA:11,0
DA:18,0
DA:24,0
DA:25,0
DA:26,0
DA:28,0
DA:37,0
DA:43,0
DA:44,0
DA:45,0
DA:47,0
LF:14
LH:0
BRDA:10,0,0,0
BRDA:10,0,1,0
BRDA:24,1,0,0
BRDA:24,1,1,0
BRDA:26,2,0,0
BRDA:26,2,1,0
BRDA:43,3,0,0
BRDA:43,3,1,0
BRDA:45,4,0,0
BRDA:45,4,1,0
BRF:10
BRH:0
end_of_record
TN:
SF:services/vendorContractSyncService.ts
FN:45,calculateVendorHealth
FN:61,(anonymous_1)
FN:62,(anonymous_2)
FN:63,(anonymous_3)
FN:71,(anonymous_4)
FN:78,(anonymous_5)
FN:83,(anonymous_6)
FN:84,(anonymous_7)
FN:116,createVendorContractLink
FN:121,(anonymous_9)
FN:126,(anonymous_10)
FN:127,(anonymous_11)
FN:151,identifyVendorRiskContracts
FN:191,syncVendorUpdateToContracts
FN:195,(anonymous_14)
FN:212,getContractStatusColor
FN:237,batchSyncVendorContracts
FN:241,(anonymous_17)
FN:242,(anonymous_18)
FN:257,generateVendorContractHealthReport
FN:265,(anonymous_20)
FN:266,(anonymous_21)
FN:267,(anonymous_22)
FN:270,(anonymous_23)
FNF:24
FNH:0
FNDA:0,calculateVendorHealth
FNDA:0,(anonymous_1)
FNDA:0,(anonymous_2)
FNDA:0,(anonymous_3)
FNDA:0,(anonymous_4)
FNDA:0,(anonymous_5)
FNDA:0,(anonymous_6)
FNDA:0,(anonymous_7)
FNDA:0,createVendorContractLink
FNDA:0,(anonymous_9)
FNDA:0,(anonymous_10)
FNDA:0,(anonymous_11)
FNDA:0,identifyVendorRiskContracts
FNDA:0,syncVendorUpdateToContracts
FNDA:0,(anonymous_14)
FNDA:0,getContractStatusColor
FNDA:0,batchSyncVendorContracts
FNDA:0,(anonymous_17)
FNDA:0,(anonymous_18)
FNDA:0,generateVendorContractHealthReport
FNDA:0,(anonymous_20)
FNDA:0,(anonymous_21)
FNDA:0,(anonymous_22)
FNDA:0,(anonymous_23)
DA:45,0
DA:46,0
DA:49,0
DA:52,0
DA:53,0
DA:54,0
DA:58,0
DA:61,0
DA:62,0
DA:63,0
DA:64,0
DA:65,0
DA:69,0
DA:70,0
DA:71,0
DA:72,0
DA:73,0
DA:74,0
DA:75,0
DA:76,0
DA:78,0
DA:82,0
DA:83,0
DA:84,0
DA:87,0
DA:88,0
DA:89,0
DA:90,0
DA:91,0
DA:92,0
DA:93,0
DA:96,0
DA:116,0
DA:120,0
DA:121,0
DA:122,0
DA:123,0
DA:126,0
DA:127,0
DA:129,0
DA:130,0
DA:134,0
DA:151,0
DA:154,0
DA:155,0
DA:156,0
DA:158,0
DA:159,0
DA:160,0
DA:163,0
DA:164,0
DA:165,0
DA:168,0
DA:169,0
DA:170,0
DA:173,0
DA:174,0
DA:175,0
DA:178,0
DA:180,0
DA:191,0
DA:195,0
DA:196,0
DA:198,0
DA:205,0
DA:213,0
DA:214,0
DA:217,0
DA:218,0
DA:222,0
DA:223,0
DA:224,0
DA:227,0
DA:228,0
DA:231,0
DA:237,0
DA:241,0
DA:242,0
DA:243,0
DA:244,0
DA:250,0
DA:257,0
DA:265,0
DA:266,0
DA:267,0
DA:269,0
DA:270,0
DA:273,0
LF:88
LH:0
BRDA:49,0,0,0
BRDA:49,0,1,0
BRDA:52,1,0,0
BRDA:52,1,1,0
BRDA:58,2,0,0
BRDA:58,2,1,0
BRDA:65,3,0,0
BRDA:65,3,1,0
BRDA:70,4,0,0
BRDA:70,4,1,0
BRDA:73,5,0,0
BRDA:73,5,1,0
BRDA:74,6,0,0
BRDA:74,6,1,0
BRDA:75,7,0,0
BRDA:75,7,1,0
BRDA:84,8,0,0
BRDA:84,8,1,0
BRDA:88,9,0,0
BRDA:88,9,1,0
BRDA:90,10,0,0
BRDA:90,10,1,0
BRDA:90,11,0,0
BRDA:90,11,1,0
BRDA:90,11,2,0
BRDA:92,12,0,0
BRDA:92,12,1,0
BRDA:92,13,0,0
BRDA:92,13,1,0
BRDA:92,13,2,0
BRDA:99,14,0,0
BRDA:99,14,1,0
BRDA:102,15,0,0
BRDA:102,15,1,0
BRDA:123,16,0,0
BRDA:123,16,1,0
BRDA:126,17,0,0
BRDA:126,17,1,0
BRDA:130,18,0,0
BRDA:130,18,1,0
BRDA:131,19,0,0
BRDA:131,19,1,0
BRDA:137,20,0,0
BRDA:137,20,1,0
BRDA:158,21,0,0
BRDA:158,21,1,0
BRDA:163,22,0,0
BRDA:163,22,1,0
BRDA:168,23,0,0
BRDA:168,23,1,0
BRDA:173,24,0,0
BRDA:173,24,1,0
BRDA:196,25,0,0
BRDA:196,25,1,0
BRDA:217,26,0,0
BRDA:217,26,1,0
BRDA:222,27,0,0
BRDA:222,27,1,0
BRDA:223,28,0,0
BRDA:223,28,1,0
BRDA:224,29,0,0
BRDA:224,29,1,0
BRDA:227,30,0,0
BRDA:227,30,1,0
BRDA:227,31,0,0
BRDA:227,31,1,0
BRDA:227,32,0,0
BRDA:227,32,1,0
BRDA:227,33,0,0
BRDA:227,33,1,0
BRDA:243,34,0,0
BRDA:243,34,1,0
BRDA:266,35,0,0
BRDA:266,35,1,0
BRDA:269,36,0,0
BRDA:269,36,1,0
BRF:76
BRH:0
end_of_record
TN:
SF:services/workPermitJSAService.ts
FN:151,(anonymous_0)
FN:165,(anonymous_1)
FN:174,(anonymous_2)
FN:188,(anonymous_3)
FN:199,(anonymous_4)
FN:210,(anonymous_5)
FN:222,(anonymous_6)
FN:236,(anonymous_7)
FN:245,(anonymous_8)
FN:252,(anonymous_9)
FN:275,(anonymous_10)
FN:284,(anonymous_11)
FN:304,(anonymous_12)
FN:333,(anonymous_13)
FN:347,(anonymous_14)
FN:361,(anonymous_15)
FN:375,(anonymous_16)
FN:384,(anonymous_17)
FN:393,(anonymous_18)
FN:402,(anonymous_19)
FNF:20
FNH:0
FNDA:0,(anonymous_0)
FNDA:0,(anonymous_1)
FNDA:0,(anonymous_2)
FNDA:0,(anonymous_3)
FNDA:0,(anonymous_4)
FNDA:0,(anonymous_5)
FNDA:0,(anonymous_6)
FNDA:0,(anonymous_7)
FNDA:0,(anonymous_8)
FNDA:0,(anonymous_9)
FNDA:0,(anonymous_10)
FNDA:0,(anonymous_11)
FNDA:0,(anonymous_12)
FNDA:0,(anonymous_13)
FNDA:0,(anonymous_14)
FNDA:0,(anonymous_15)
FNDA:0,(anonymous_16)
FNDA:0,(anonymous_17)
FNDA:0,(anonymous_18)
FNDA:0,(anonymous_19)
DA:147,0
DA:152,0
DA:158,0
DA:159,0
DA:166,0
DA:167,0
DA:168,0
DA:175,0
DA:181,0
DA:182,0
DA:189,0
DA:200,0
DA:211,0
DA:223,0
DA:224,0
DA:225,0
DA:232,0
DA:237,0
DA:238,0
DA:239,0
DA:246,0
DA:254,0
DA:255,0
DA:258,0
DA:268,0
DA:269,0
DA:276,0
DA:277,0
DA:278,0
DA:288,0
DA:297,0
DA:298,0
DA:311,0
DA:312,0
DA:313,0
DA:316,0
DA:326,0
DA:327,0
DA:334,0
DA:340,0
DA:341,0
DA:348,0
DA:354,0
DA:355,0
DA:362,0
DA:368,0
DA:369,0
DA:376,0
DA:377,0
DA:378,0
DA:385,0
DA:386,0
DA:387,0
DA:394,0
DA:395,0
DA:396,0
DA:403,0
DA:404,0
DA:405,0
LF:59
LH:0
BRDA:158,0,0,0
BRDA:158,0,1,0
BRDA:167,1,0,0
BRDA:167,1,1,0
BRDA:181,2,0,0
BRDA:181,2,1,0
BRDA:239,3,0,0
BRDA:239,3,1,0
BRDA:254,4,0,0
BRDA:254,4,1,0
BRDA:268,5,0,0
BRDA:268,5,1,0
BRDA:277,6,0,0
BRDA:277,6,1,0
BRDA:297,7,0,0
BRDA:297,7,1,0
BRDA:312,8,0,0
BRDA:312,8,1,0
BRDA:326,9,0,0
BRDA:326,9,1,0
BRDA:340,10,0,0
BRDA:340,10,1,0
BRDA:354,11,0,0
BRDA:354,11,1,0
BRDA:368,12,0,0
BRDA:368,12,1,0
BRDA:377,13,0,0
BRDA:377,13,1,0
BRDA:386,14,0,0
BRDA:386,14,1,0
BRDA:395,15,0,0
BRDA:395,15,1,0
BRDA:404,16,0,0
BRDA:404,16,1,0
BRF:34
BRH:0
end_of_record
TN:
SF:services/workPermitService.ts
FN:207,getPermitActivity
FN:208,(anonymous_1)
FN:214,requiresPermit
FN:215,(anonymous_3)
FN:224,getRequiredPermitType
FN:225,(anonymous_5)
FN:234,generateJSATemplate
FN:260,validatePermitCompletion
FN:280,updatePermitStatus
FN:303,performGasTest
FN:326,isPermitValid
FN:334,generatePermitAuditChecklist
FNF:12
FNH:0
FNDA:0,getPermitActivity
FNDA:0,(anonymous_1)
FNDA:0,requiresPermit
FNDA:0,(anonymous_3)
FNDA:0,getRequiredPermitType
FNDA:0,(anonymous_5)
FNDA:0,generateJSATemplate
FNDA:0,validatePermitCompletion
FNDA:0,updatePermitStatus
FNDA:0,performGasTest
FNDA:0,isPermitValid
FNDA:0,generatePermitAuditChecklist
DA:140,0
DA:207,0
DA:208,0
DA:214,0
DA:215,0
DA:216,0
DA:218,0
DA:224,0
DA:225,0
DA:226,0
DA:228,0
DA:234,0
DA:235,0
DA:260,0
DA:264,0
DA:266,0
DA:267,0
DA:268,0
DA:269,0
DA:271,0
DA:280,0
DA:285,0
DA:303,0
DA:309,0
DA:326,0
DA:327,0
DA:328,0
DA:334,0
DA:335,0
DA:346,0
DA:347,0
DA:351,0
DA:352,0
DA:356,0
DA:357,0
DA:363,0
LF:36
LH:0
BRDA:218,0,0,0
BRDA:218,0,1,0
BRDA:266,1,0,0
BRDA:266,1,1,0
BRDA:267,2,0,0
BRDA:267,2,1,0
BRDA:268,3,0,0
BRDA:268,3,1,0
BRDA:269,4,0,0
BRDA:269,4,1,0
BRDA:312,5,0,0
BRDA:312,5,1,0
BRDA:328,6,0,0
BRDA:328,6,1,0
BRDA:328,6,2,0
BRDA:346,7,0,0
BRDA:346,7,1,0
BRDA:351,8,0,0
BRDA:351,8,1,0
BRDA:356,9,0,0
BRDA:356,9,1,0
BRF:21
BRH:0
end_of_record
